<?xml version="1.0" encoding="utf-8" standalone="no"?>
<test-results xmlns:xsi="http://www.w3.org/2001/XMLSchema-instance" xsi:noNamespaceSchemaLocation="nunit_schema_2.5.xsd" name="Pester" total="131" errors="0" failures="9" not-run="0" inconclusive="0" ignored="0" skipped="2" invalid="0" date="2022-06-25" time="22:15:22">
  <environment nunit-version="2.5.8.0" machine-name="JLA-LOFTHTPC" platform="Microsoft Windows 10 Pro|C:\WINDOWS|\Device\Harddisk0\Partition2" clr-version="Unknown" user-domain="JLA-LoftHTPC" cwd="E:\Owner\Documents\Google Drive\Programs\Scripts\PowerShell\PsRunspace\tests" user="Owner" os-version="10.0.19044" />
  <culture-info current-culture="en-US" current-uiculture="en-US" />
  <test-suite type="TestFixture" name="Pester" executed="True" result="Failure" success="False" time="2.1005" asserts="0" description="Pester">
    <results>
      <test-suite type="TestFixture" name="E:\Owner\Documents\Google Drive\Programs\Scripts\PowerShell\PsRunspace\tests\Function.tests.ps1" executed="True" result="Success" success="True" time="0.2957" asserts="0" description="E:\Owner\Documents\Google Drive\Programs\Scripts\PowerShell\PsRunspace\tests\Function.tests.ps1">
        <results>
          <test-suite type="TestFixture" name="function 'Add-PsCommand.ps1'" executed="True" result="Success" success="True" time="0.0264" asserts="0" description="function 'Add-PsCommand.ps1'">
            <results>
              <test-suite type="ParameterizedTest" name="function 'Add-PsCommand.ps1'.can be tokenized by the PowerShell parser without any errors" executed="True" result="Success" success="True" time="0.0129" asserts="0" description="can be tokenized by the PowerShell parser without any errors">
                <results>
                  <test-case description="can be tokenized by the PowerShell parser without any errors" name="function 'Add-PsCommand.ps1'.can be tokenized by the PowerShell parser without any errors(&quot;E:\Owner\Documents\Google Drive\Programs\Scripts\PowerShell\PsRunspace\src\functions\public\Add-PsCommand.ps1&quot;)" time="0.0129" asserts="0" success="True" result="Success" executed="True" />
                </results>
              </test-suite>
              <test-suite type="ParameterizedTest" name="function 'Add-PsCommand.ps1'.runs without throwing errors" executed="True" result="Success" success="True" time="0.0062" asserts="0" description="runs without throwing errors">
                <results>
                  <test-case description="runs without throwing errors" name="function 'Add-PsCommand.ps1'.runs without throwing errors(&quot;E:\Owner\Documents\Google Drive\Programs\Scripts\PowerShell\PsRunspace\src\functions\public\Add-PsCommand.ps1&quot;)" time="0.0062" asserts="0" success="True" result="Success" executed="True" />
                </results>
              </test-suite>
            </results>
          </test-suite>
          <test-suite type="TestFixture" name="function 'Get-PsCommandInfo.ps1'" executed="True" result="Success" success="True" time="0.0546" asserts="0" description="function 'Get-PsCommandInfo.ps1'">
            <results>
              <test-suite type="ParameterizedTest" name="function 'Get-PsCommandInfo.ps1'.can be tokenized by the PowerShell parser without any errors" executed="True" result="Success" success="True" time="0.0098" asserts="0" description="can be tokenized by the PowerShell parser without any errors">
                <results>
                  <test-case description="can be tokenized by the PowerShell parser without any errors" name="function 'Get-PsCommandInfo.ps1'.can be tokenized by the PowerShell parser without any errors(&quot;E:\Owner\Documents\Google Drive\Programs\Scripts\PowerShell\PsRunspace\src\functions\public\Get-PsCommandInfo.ps1&quot;)" time="0.0098" asserts="0" success="True" result="Success" executed="True" />
                </results>
              </test-suite>
              <test-suite type="ParameterizedTest" name="function 'Get-PsCommandInfo.ps1'.runs without throwing errors" executed="True" result="Success" success="True" time="0.014" asserts="0" description="runs without throwing errors">
                <results>
                  <test-case description="runs without throwing errors" name="function 'Get-PsCommandInfo.ps1'.runs without throwing errors(&quot;E:\Owner\Documents\Google Drive\Programs\Scripts\PowerShell\PsRunspace\src\functions\public\Get-PsCommandInfo.ps1&quot;)" time="0.014" asserts="0" success="True" result="Success" executed="True" />
                </results>
              </test-suite>
            </results>
          </test-suite>
          <test-suite type="TestFixture" name="function 'Open-Thread.ps1'" executed="True" result="Success" success="True" time="0.0817" asserts="0" description="function 'Open-Thread.ps1'">
            <results>
              <test-suite type="ParameterizedTest" name="function 'Open-Thread.ps1'.can be tokenized by the PowerShell parser without any errors" executed="True" result="Success" success="True" time="0.0129" asserts="0" description="can be tokenized by the PowerShell parser without any errors">
                <results>
                  <test-case description="can be tokenized by the PowerShell parser without any errors" name="function 'Open-Thread.ps1'.can be tokenized by the PowerShell parser without any errors(&quot;E:\Owner\Documents\Google Drive\Programs\Scripts\PowerShell\PsRunspace\src\functions\public\Open-Thread.ps1&quot;)" time="0.0129" asserts="0" success="True" result="Success" executed="True" />
                </results>
              </test-suite>
              <test-suite type="ParameterizedTest" name="function 'Open-Thread.ps1'.runs without throwing errors" executed="True" result="Success" success="True" time="0.0108" asserts="0" description="runs without throwing errors">
                <results>
                  <test-case description="runs without throwing errors" name="function 'Open-Thread.ps1'.runs without throwing errors(&quot;E:\Owner\Documents\Google Drive\Programs\Scripts\PowerShell\PsRunspace\src\functions\public\Open-Thread.ps1&quot;)" time="0.0108" asserts="0" success="True" result="Success" executed="True" />
                </results>
              </test-suite>
            </results>
          </test-suite>
          <test-suite type="TestFixture" name="function 'Split-Thread.ps1'" executed="True" result="Success" success="True" time="0.1251" asserts="0" description="function 'Split-Thread.ps1'">
            <results>
              <test-suite type="ParameterizedTest" name="function 'Split-Thread.ps1'.can be tokenized by the PowerShell parser without any errors" executed="True" result="Success" success="True" time="0.0142" asserts="0" description="can be tokenized by the PowerShell parser without any errors">
                <results>
                  <test-case description="can be tokenized by the PowerShell parser without any errors" name="function 'Split-Thread.ps1'.can be tokenized by the PowerShell parser without any errors(&quot;E:\Owner\Documents\Google Drive\Programs\Scripts\PowerShell\PsRunspace\src\functions\public\Split-Thread.ps1&quot;)" time="0.0142" asserts="0" success="True" result="Success" executed="True" />
                </results>
              </test-suite>
              <test-suite type="ParameterizedTest" name="function 'Split-Thread.ps1'.runs without throwing errors" executed="True" result="Success" success="True" time="0.025" asserts="0" description="runs without throwing errors">
                <results>
                  <test-case description="runs without throwing errors" name="function 'Split-Thread.ps1'.runs without throwing errors(&quot;E:\Owner\Documents\Google Drive\Programs\Scripts\PowerShell\PsRunspace\src\functions\public\Split-Thread.ps1&quot;)" time="0.025" asserts="0" success="True" result="Success" executed="True" />
                </results>
              </test-suite>
            </results>
          </test-suite>
          <test-suite type="TestFixture" name="function 'Wait-Thread.ps1'" executed="True" result="Success" success="True" time="0.1472" asserts="0" description="function 'Wait-Thread.ps1'">
            <results>
              <test-suite type="ParameterizedTest" name="function 'Wait-Thread.ps1'.can be tokenized by the PowerShell parser without any errors" executed="True" result="Success" success="True" time="0.009" asserts="0" description="can be tokenized by the PowerShell parser without any errors">
                <results>
                  <test-case description="can be tokenized by the PowerShell parser without any errors" name="function 'Wait-Thread.ps1'.can be tokenized by the PowerShell parser without any errors(&quot;E:\Owner\Documents\Google Drive\Programs\Scripts\PowerShell\PsRunspace\src\functions\public\Wait-Thread.ps1&quot;)" time="0.009" asserts="0" success="True" result="Success" executed="True" />
                </results>
              </test-suite>
              <test-suite type="ParameterizedTest" name="function 'Wait-Thread.ps1'.runs without throwing errors" executed="True" result="Success" success="True" time="0.0087" asserts="0" description="runs without throwing errors">
                <results>
                  <test-case description="runs without throwing errors" name="function 'Wait-Thread.ps1'.runs without throwing errors(&quot;E:\Owner\Documents\Google Drive\Programs\Scripts\PowerShell\PsRunspace\src\functions\public\Wait-Thread.ps1&quot;)" time="0.0087" asserts="0" success="True" result="Success" executed="True" />
                </results>
              </test-suite>
            </results>
          </test-suite>
        </results>
      </test-suite>
      <test-suite type="TestFixture" name="E:\Owner\Documents\Google Drive\Programs\Scripts\PowerShell\PsRunspace\tests\Help.tests.ps1" executed="True" result="Failure" success="False" time="1.0823" asserts="0" description="E:\Owner\Documents\Google Drive\Programs\Scripts\PowerShell\PsRunspace\tests\Help.tests.ps1">
        <results>
          <test-suite type="TestFixture" name="help for Add-PsCommand" executed="True" result="Failure" success="False" time="0.1347" asserts="0" description="help for Add-PsCommand">
            <results>
              <test-suite type="TestFixture" name="help for Add-PsCommand.- Help for parameter 'Command'" executed="True" result="Success" success="True" time="0.0758" asserts="0" description="help for Add-PsCommand.- Help for parameter 'Command'">
                <results>
                  <test-case description="has a description" name="help for Add-PsCommand.- Help for parameter 'Command'.has a description" time="0.0085" asserts="0" success="True" result="Success" executed="True" />
                  <test-case description="has the correct [mandatory] value" name="help for Add-PsCommand.- Help for parameter 'Command'.has the correct [mandatory] value" time="0.0063" asserts="0" success="True" result="Success" executed="True" />
                  <test-case description="has the correct parameter type" name="help for Add-PsCommand.- Help for parameter 'Command'.has the correct parameter type" time="0.0121" asserts="0" success="True" result="Success" executed="True" />
                </results>
              </test-suite>
              <test-suite type="TestFixture" name="help for Add-PsCommand.- Help for parameter 'CommandInfo'" executed="True" result="Success" success="True" time="0.0964" asserts="0" description="help for Add-PsCommand.- Help for parameter 'CommandInfo'">
                <results>
                  <test-case description="has a description" name="help for Add-PsCommand.- Help for parameter 'CommandInfo'.has a description" time="0.0061" asserts="0" success="True" result="Success" executed="True" />
                  <test-case description="has the correct [mandatory] value" name="help for Add-PsCommand.- Help for parameter 'CommandInfo'.has the correct [mandatory] value" time="0.004" asserts="0" success="True" result="Success" executed="True" />
                  <test-case description="has the correct parameter type" name="help for Add-PsCommand.- Help for parameter 'CommandInfo'.has the correct parameter type" time="0.0059" asserts="0" success="True" result="Success" executed="True" />
                </results>
              </test-suite>
              <test-suite type="TestFixture" name="help for Add-PsCommand.- Help for parameter 'PowershellInterface'" executed="True" result="Success" success="True" time="0.1199" asserts="0" description="help for Add-PsCommand.- Help for parameter 'PowershellInterface'">
                <results>
                  <test-case description="has a description" name="help for Add-PsCommand.- Help for parameter 'PowershellInterface'.has a description" time="0.0106" asserts="0" success="True" result="Success" executed="True" />
                  <test-case description="has the correct [mandatory] value" name="help for Add-PsCommand.- Help for parameter 'PowershellInterface'.has the correct [mandatory] value" time="0.0036" asserts="0" success="True" result="Success" executed="True" />
                  <test-case description="has the correct parameter type" name="help for Add-PsCommand.- Help for parameter 'PowershellInterface'.has the correct parameter type" time="0.004" asserts="0" success="True" result="Success" executed="True" />
                </results>
              </test-suite>
              <test-case description="is not auto-generated" name="help for Add-PsCommand.is not auto-generated" time="0.0115" asserts="0" success="True" result="Success" executed="True" />
              <test-case description="has a description" name="help for Add-PsCommand.has a description" time="0.0054" asserts="0" success="True" result="Success" executed="True" />
              <test-case description="has example code" name="help for Add-PsCommand.has example code" time="0.0045" asserts="0" success="True" result="Success" executed="True" />
              <test-case description="has example help" name="help for Add-PsCommand.has example help" time="0.0199" asserts="0" success="False" result="Failure" executed="True">
                <failure>
                  <message>Expected a value, but got $null or empty.</message>
                  <stack-trace>at ($commandHelp.Examples.Example.Remarks | Select-Object -First 1).Text | Should -Not -BeNullOrEmpty, E:\Owner\Documents\Google Drive\Programs\Scripts\PowerShell\PsRunspace\tests\Help.tests.ps1:85
at &lt;ScriptBlock&gt;, E:\Owner\Documents\Google Drive\Programs\Scripts\PowerShell\PsRunspace\tests\Help.tests.ps1:85</stack-trace>
                </failure>
              </test-case>
            </results>
          </test-suite>
          <test-suite type="TestFixture" name="help for Get-PsCommandInfo" executed="True" result="Failure" success="False" time="0.2179" asserts="0" description="help for Get-PsCommandInfo">
            <results>
              <test-suite type="TestFixture" name="help for Get-PsCommandInfo.- Help for parameter 'Command'" executed="True" result="Success" success="True" time="0.0653" asserts="0" description="help for Get-PsCommandInfo.- Help for parameter 'Command'">
                <results>
                  <test-case description="has a description" name="help for Get-PsCommandInfo.- Help for parameter 'Command'.has a description" time="0.0068" asserts="0" success="True" result="Success" executed="True" />
                  <test-case description="has the correct [mandatory] value" name="help for Get-PsCommandInfo.- Help for parameter 'Command'.has the correct [mandatory] value" time="0.0062" asserts="0" success="True" result="Success" executed="True" />
                  <test-case description="has the correct parameter type" name="help for Get-PsCommandInfo.- Help for parameter 'Command'.has the correct parameter type" time="0.013" asserts="0" success="True" result="Success" executed="True" />
                </results>
              </test-suite>
              <test-case description="is not auto-generated" name="help for Get-PsCommandInfo.is not auto-generated" time="0.0052" asserts="0" success="True" result="Success" executed="True" />
              <test-case description="has a description" name="help for Get-PsCommandInfo.has a description" time="0.0094" asserts="0" success="True" result="Success" executed="True" />
              <test-case description="has example code" name="help for Get-PsCommandInfo.has example code" time="0.0064" asserts="0" success="True" result="Success" executed="True" />
              <test-case description="has example help" name="help for Get-PsCommandInfo.has example help" time="0.0109" asserts="0" success="False" result="Failure" executed="True">
                <failure>
                  <message>Expected a value, but got $null or empty.</message>
                  <stack-trace>at ($commandHelp.Examples.Example.Remarks | Select-Object -First 1).Text | Should -Not -BeNullOrEmpty, E:\Owner\Documents\Google Drive\Programs\Scripts\PowerShell\PsRunspace\tests\Help.tests.ps1:85
at &lt;ScriptBlock&gt;, E:\Owner\Documents\Google Drive\Programs\Scripts\PowerShell\PsRunspace\tests\Help.tests.ps1:85</stack-trace>
                </failure>
              </test-case>
            </results>
          </test-suite>
          <test-suite type="TestFixture" name="help for Open-Thread" executed="True" result="Failure" success="False" time="0.4401" asserts="0" description="help for Open-Thread">
            <results>
              <test-suite type="TestFixture" name="help for Open-Thread.- Help for parameter 'AddParam'" executed="True" result="Success" success="True" time="0.067" asserts="0" description="help for Open-Thread.- Help for parameter 'AddParam'">
                <results>
                  <test-case description="has a description" name="help for Open-Thread.- Help for parameter 'AddParam'.has a description" time="0.0066" asserts="0" success="True" result="Success" executed="True" />
                  <test-case description="has the correct [mandatory] value" name="help for Open-Thread.- Help for parameter 'AddParam'.has the correct [mandatory] value" time="0.0068" asserts="0" success="True" result="Success" executed="True" />
                  <test-case description="has the correct parameter type" name="help for Open-Thread.- Help for parameter 'AddParam'.has the correct parameter type" time="0.0034" asserts="0" success="True" result="Success" executed="True" />
                </results>
              </test-suite>
              <test-suite type="TestFixture" name="help for Open-Thread.- Help for parameter 'AddSwitch'" executed="True" result="Success" success="True" time="0.0841" asserts="0" description="help for Open-Thread.- Help for parameter 'AddSwitch'">
                <results>
                  <test-case description="has a description" name="help for Open-Thread.- Help for parameter 'AddSwitch'.has a description" time="0.0044" asserts="0" success="True" result="Success" executed="True" />
                  <test-case description="has the correct [mandatory] value" name="help for Open-Thread.- Help for parameter 'AddSwitch'.has the correct [mandatory] value" time="0.004" asserts="0" success="True" result="Success" executed="True" />
                  <test-case description="has the correct parameter type" name="help for Open-Thread.- Help for parameter 'AddSwitch'.has the correct parameter type" time="0.0036" asserts="0" success="True" result="Success" executed="True" />
                </results>
              </test-suite>
              <test-suite type="TestFixture" name="help for Open-Thread.- Help for parameter 'Command'" executed="True" result="Success" success="True" time="0.1032" asserts="0" description="help for Open-Thread.- Help for parameter 'Command'">
                <results>
                  <test-case description="has a description" name="help for Open-Thread.- Help for parameter 'Command'.has a description" time="0.0053" asserts="0" success="True" result="Success" executed="True" />
                  <test-case description="has the correct [mandatory] value" name="help for Open-Thread.- Help for parameter 'Command'.has the correct [mandatory] value" time="0.0056" asserts="0" success="True" result="Success" executed="True" />
                  <test-case description="has the correct parameter type" name="help for Open-Thread.- Help for parameter 'Command'.has the correct parameter type" time="0.0043" asserts="0" success="True" result="Success" executed="True" />
                </results>
              </test-suite>
              <test-suite type="TestFixture" name="help for Open-Thread.- Help for parameter 'CommandInfo'" executed="True" result="Success" success="True" time="0.1213" asserts="0" description="help for Open-Thread.- Help for parameter 'CommandInfo'">
                <results>
                  <test-case description="has a description" name="help for Open-Thread.- Help for parameter 'CommandInfo'.has a description" time="0.0035" asserts="0" success="True" result="Success" executed="True" />
                  <test-case description="has the correct [mandatory] value" name="help for Open-Thread.- Help for parameter 'CommandInfo'.has the correct [mandatory] value" time="0.003" asserts="0" success="True" result="Success" executed="True" />
                  <test-case description="has the correct parameter type" name="help for Open-Thread.- Help for parameter 'CommandInfo'.has the correct parameter type" time="0.0042" asserts="0" success="True" result="Success" executed="True" />
                </results>
              </test-suite>
              <test-suite type="TestFixture" name="help for Open-Thread.- Help for parameter 'InputObject'" executed="True" result="Success" success="True" time="0.1419" asserts="0" description="help for Open-Thread.- Help for parameter 'InputObject'">
                <results>
                  <test-case description="has a description" name="help for Open-Thread.- Help for parameter 'InputObject'.has a description" time="0.0044" asserts="0" success="True" result="Success" executed="True" />
                  <test-case description="has the correct [mandatory] value" name="help for Open-Thread.- Help for parameter 'InputObject'.has the correct [mandatory] value" time="0.004" asserts="0" success="True" result="Success" executed="True" />
                  <test-case description="has the correct parameter type" name="help for Open-Thread.- Help for parameter 'InputObject'.has the correct parameter type" time="0.0059" asserts="0" success="True" result="Success" executed="True" />
                </results>
              </test-suite>
              <test-suite type="TestFixture" name="help for Open-Thread.- Help for parameter 'InputParameter'" executed="True" result="Success" success="True" time="0.1607" asserts="0" description="help for Open-Thread.- Help for parameter 'InputParameter'">
                <results>
                  <test-case description="has a description" name="help for Open-Thread.- Help for parameter 'InputParameter'.has a description" time="0.0034" asserts="0" success="True" result="Success" executed="True" />
                  <test-case description="has the correct [mandatory] value" name="help for Open-Thread.- Help for parameter 'InputParameter'.has the correct [mandatory] value" time="0.0033" asserts="0" success="True" result="Success" executed="True" />
                  <test-case description="has the correct parameter type" name="help for Open-Thread.- Help for parameter 'InputParameter'.has the correct parameter type" time="0.0088" asserts="0" success="True" result="Success" executed="True" />
                </results>
              </test-suite>
              <test-suite type="TestFixture" name="help for Open-Thread.- Help for parameter 'ObjectStringProperty'" executed="True" result="Success" success="True" time="0.1783" asserts="0" description="help for Open-Thread.- Help for parameter 'ObjectStringProperty'">
                <results>
                  <test-case description="has a description" name="help for Open-Thread.- Help for parameter 'ObjectStringProperty'.has a description" time="0.0036" asserts="0" success="True" result="Success" executed="True" />
                  <test-case description="has the correct [mandatory] value" name="help for Open-Thread.- Help for parameter 'ObjectStringProperty'.has the correct [mandatory] value" time="0.0062" asserts="0" success="True" result="Success" executed="True" />
                  <test-case description="has the correct parameter type" name="help for Open-Thread.- Help for parameter 'ObjectStringProperty'.has the correct parameter type" time="0.0046" asserts="0" success="True" result="Success" executed="True" />
                </results>
              </test-suite>
              <test-suite type="TestFixture" name="help for Open-Thread.- Help for parameter 'RunspacePool'" executed="True" result="Failure" success="False" time="0.2038" asserts="0" description="help for Open-Thread.- Help for parameter 'RunspacePool'">
                <results>
                  <test-case description="has a description" name="help for Open-Thread.- Help for parameter 'RunspacePool'.has a description" time="0.0124" asserts="0" success="False" result="Failure" executed="True">
                    <failure>
                      <message>Expected a value, but got $null or empty.</message>
                      <stack-trace>at $parameterHelp.Description.Text | Should -Not -BeNullOrEmpty, E:\Owner\Documents\Google Drive\Programs\Scripts\PowerShell\PsRunspace\tests\Help.tests.ps1:103
at &lt;ScriptBlock&gt;, E:\Owner\Documents\Google Drive\Programs\Scripts\PowerShell\PsRunspace\tests\Help.tests.ps1:103</stack-trace>
                    </failure>
                  </test-case>
                  <test-case description="has the correct [mandatory] value" name="help for Open-Thread.- Help for parameter 'RunspacePool'.has the correct [mandatory] value" time="0.0042" asserts="0" success="True" result="Success" executed="True" />
                  <test-case description="has the correct parameter type" name="help for Open-Thread.- Help for parameter 'RunspacePool'.has the correct parameter type" time="0.0041" asserts="0" success="True" result="Success" executed="True" />
                </results>
              </test-suite>
              <test-case description="is not auto-generated" name="help for Open-Thread.is not auto-generated" time="0.0062" asserts="0" success="True" result="Success" executed="True" />
              <test-case description="has a description" name="help for Open-Thread.has a description" time="0.0041" asserts="0" success="True" result="Success" executed="True" />
              <test-case description="has example code" name="help for Open-Thread.has example code" time="0.0149" asserts="0" success="False" result="Failure" executed="True">
                <failure>
                  <message>Expected a value, but got $null or empty.</message>
                  <stack-trace>at ($commandHelp.Examples.Example | Select-Object -First 1).Code | Should -Not -BeNullOrEmpty, E:\Owner\Documents\Google Drive\Programs\Scripts\PowerShell\PsRunspace\tests\Help.tests.ps1:80
at &lt;ScriptBlock&gt;, E:\Owner\Documents\Google Drive\Programs\Scripts\PowerShell\PsRunspace\tests\Help.tests.ps1:80</stack-trace>
                </failure>
              </test-case>
              <test-case description="has example help" name="help for Open-Thread.has example help" time="0.0144" asserts="0" success="False" result="Failure" executed="True">
                <failure>
                  <message>Expected a value, but got $null or empty.</message>
                  <stack-trace>at ($commandHelp.Examples.Example.Remarks | Select-Object -First 1).Text | Should -Not -BeNullOrEmpty, E:\Owner\Documents\Google Drive\Programs\Scripts\PowerShell\PsRunspace\tests\Help.tests.ps1:85
at &lt;ScriptBlock&gt;, E:\Owner\Documents\Google Drive\Programs\Scripts\PowerShell\PsRunspace\tests\Help.tests.ps1:85</stack-trace>
                </failure>
              </test-case>
            </results>
          </test-suite>
          <test-suite type="TestFixture" name="help for Split-Thread" executed="True" result="Failure" success="False" time="0.7369" asserts="0" description="help for Split-Thread">
            <results>
              <test-suite type="TestFixture" name="help for Split-Thread.- Help for parameter 'AddModule'" executed="True" result="Success" success="True" time="0.0486" asserts="0" description="help for Split-Thread.- Help for parameter 'AddModule'">
                <results>
                  <test-case description="has a description" name="help for Split-Thread.- Help for parameter 'AddModule'.has a description" time="0.0056" asserts="0" success="True" result="Success" executed="True" />
                  <test-case description="has the correct [mandatory] value" name="help for Split-Thread.- Help for parameter 'AddModule'.has the correct [mandatory] value" time="0.0035" asserts="0" success="True" result="Success" executed="True" />
                  <test-case description="has the correct parameter type" name="help for Split-Thread.- Help for parameter 'AddModule'.has the correct parameter type" time="0.0029" asserts="0" success="True" result="Success" executed="True" />
                </results>
              </test-suite>
              <test-suite type="TestFixture" name="help for Split-Thread.- Help for parameter 'AddParam'" executed="True" result="Success" success="True" time="0.0684" asserts="0" description="help for Split-Thread.- Help for parameter 'AddParam'">
                <results>
                  <test-case description="has a description" name="help for Split-Thread.- Help for parameter 'AddParam'.has a description" time="0.0055" asserts="0" success="True" result="Success" executed="True" />
                  <test-case description="has the correct [mandatory] value" name="help for Split-Thread.- Help for parameter 'AddParam'.has the correct [mandatory] value" time="0.003" asserts="0" success="True" result="Success" executed="True" />
                  <test-case description="has the correct parameter type" name="help for Split-Thread.- Help for parameter 'AddParam'.has the correct parameter type" time="0.004" asserts="0" success="True" result="Success" executed="True" />
                </results>
              </test-suite>
              <test-suite type="TestFixture" name="help for Split-Thread.- Help for parameter 'AddSwitch'" executed="True" result="Success" success="True" time="0.0964" asserts="0" description="help for Split-Thread.- Help for parameter 'AddSwitch'">
                <results>
                  <test-case description="has a description" name="help for Split-Thread.- Help for parameter 'AddSwitch'.has a description" time="0.0034" asserts="0" success="True" result="Success" executed="True" />
                  <test-case description="has the correct [mandatory] value" name="help for Split-Thread.- Help for parameter 'AddSwitch'.has the correct [mandatory] value" time="0.0113" asserts="0" success="True" result="Success" executed="True" />
                  <test-case description="has the correct parameter type" name="help for Split-Thread.- Help for parameter 'AddSwitch'.has the correct parameter type" time="0.0057" asserts="0" success="True" result="Success" executed="True" />
                </results>
              </test-suite>
              <test-suite type="TestFixture" name="help for Split-Thread.- Help for parameter 'Command'" executed="True" result="Success" success="True" time="0.1241" asserts="0" description="help for Split-Thread.- Help for parameter 'Command'">
                <results>
                  <test-case description="has a description" name="help for Split-Thread.- Help for parameter 'Command'.has a description" time="0.0066" asserts="0" success="True" result="Success" executed="True" />
                  <test-case description="has the correct [mandatory] value" name="help for Split-Thread.- Help for parameter 'Command'.has the correct [mandatory] value" time="0.0065" asserts="0" success="True" result="Success" executed="True" />
                  <test-case description="has the correct parameter type" name="help for Split-Thread.- Help for parameter 'Command'.has the correct parameter type" time="0.0059" asserts="0" success="True" result="Success" executed="True" />
                </results>
              </test-suite>
              <test-suite type="TestFixture" name="help for Split-Thread.- Help for parameter 'InputObject'" executed="True" result="Success" success="True" time="0.1677" asserts="0" description="help for Split-Thread.- Help for parameter 'InputObject'">
                <results>
                  <test-case description="has a description" name="help for Split-Thread.- Help for parameter 'InputObject'.has a description" time="0.0317" asserts="0" success="True" result="Success" executed="True" />
                  <test-case description="has the correct [mandatory] value" name="help for Split-Thread.- Help for parameter 'InputObject'.has the correct [mandatory] value" time="0.0031" asserts="0" success="True" result="Success" executed="True" />
                  <test-case description="has the correct parameter type" name="help for Split-Thread.- Help for parameter 'InputObject'.has the correct parameter type" time="0.0041" asserts="0" success="True" result="Success" executed="True" />
                </results>
              </test-suite>
              <test-suite type="TestFixture" name="help for Split-Thread.- Help for parameter 'InputParameter'" executed="True" result="Success" success="True" time="0.1987" asserts="0" description="help for Split-Thread.- Help for parameter 'InputParameter'">
                <results>
                  <test-case description="has a description" name="help for Split-Thread.- Help for parameter 'InputParameter'.has a description" time="0.0089" asserts="0" success="True" result="Success" executed="True" />
                  <test-case description="has the correct [mandatory] value" name="help for Split-Thread.- Help for parameter 'InputParameter'.has the correct [mandatory] value" time="0.0042" asserts="0" success="True" result="Success" executed="True" />
                  <test-case description="has the correct parameter type" name="help for Split-Thread.- Help for parameter 'InputParameter'.has the correct parameter type" time="0.0132" asserts="0" success="True" result="Success" executed="True" />
                </results>
              </test-suite>
              <test-suite type="TestFixture" name="help for Split-Thread.- Help for parameter 'ObjectStringProperty'" executed="True" result="Success" success="True" time="0.2144" asserts="0" description="help for Split-Thread.- Help for parameter 'ObjectStringProperty'">
                <results>
                  <test-case description="has a description" name="help for Split-Thread.- Help for parameter 'ObjectStringProperty'.has a description" time="0.0041" asserts="0" success="True" result="Success" executed="True" />
                  <test-case description="has the correct [mandatory] value" name="help for Split-Thread.- Help for parameter 'ObjectStringProperty'.has the correct [mandatory] value" time="0.003" asserts="0" success="True" result="Success" executed="True" />
                  <test-case description="has the correct parameter type" name="help for Split-Thread.- Help for parameter 'ObjectStringProperty'.has the correct parameter type" time="0.0041" asserts="0" success="True" result="Success" executed="True" />
                </results>
              </test-suite>
              <test-suite type="TestFixture" name="help for Split-Thread.- Help for parameter 'SleepTimer'" executed="True" result="Success" success="True" time="0.235" asserts="0" description="help for Split-Thread.- Help for parameter 'SleepTimer'">
                <results>
                  <test-case description="has a description" name="help for Split-Thread.- Help for parameter 'SleepTimer'.has a description" time="0.0067" asserts="0" success="True" result="Success" executed="True" />
                  <test-case description="has the correct [mandatory] value" name="help for Split-Thread.- Help for parameter 'SleepTimer'.has the correct [mandatory] value" time="0.0038" asserts="0" success="True" result="Success" executed="True" />
                  <test-case description="has the correct parameter type" name="help for Split-Thread.- Help for parameter 'SleepTimer'.has the correct parameter type" time="0.005" asserts="0" success="True" result="Success" executed="True" />
                </results>
              </test-suite>
              <test-suite type="TestFixture" name="help for Split-Thread.- Help for parameter 'Threads'" executed="True" result="Success" success="True" time="0.26" asserts="0" description="help for Split-Thread.- Help for parameter 'Threads'">
                <results>
                  <test-case description="has a description" name="help for Split-Thread.- Help for parameter 'Threads'.has a description" time="0.0055" asserts="0" success="True" result="Success" executed="True" />
                  <test-case description="has the correct [mandatory] value" name="help for Split-Thread.- Help for parameter 'Threads'.has the correct [mandatory] value" time="0.0056" asserts="0" success="True" result="Success" executed="True" />
                  <test-case description="has the correct parameter type" name="help for Split-Thread.- Help for parameter 'Threads'.has the correct parameter type" time="0.004" asserts="0" success="True" result="Success" executed="True" />
                </results>
              </test-suite>
              <test-suite type="TestFixture" name="help for Split-Thread.- Help for parameter 'Timeout'" executed="True" result="Success" success="True" time="0.2793" asserts="0" description="help for Split-Thread.- Help for parameter 'Timeout'">
                <results>
                  <test-case description="has a description" name="help for Split-Thread.- Help for parameter 'Timeout'.has a description" time="0.006" asserts="0" success="True" result="Success" executed="True" />
                  <test-case description="has the correct [mandatory] value" name="help for Split-Thread.- Help for parameter 'Timeout'.has the correct [mandatory] value" time="0.0042" asserts="0" success="True" result="Success" executed="True" />
                  <test-case description="has the correct parameter type" name="help for Split-Thread.- Help for parameter 'Timeout'.has the correct parameter type" time="0.0035" asserts="0" success="True" result="Success" executed="True" />
                </results>
              </test-suite>
              <test-case description="is not auto-generated" name="help for Split-Thread.is not auto-generated" time="0.0079" asserts="0" success="True" result="Success" executed="True" />
              <test-case description="has a description" name="help for Split-Thread.has a description" time="0.0035" asserts="0" success="True" result="Success" executed="True" />
              <test-case description="has example code" name="help for Split-Thread.has example code" time="0.0061" asserts="0" success="True" result="Success" executed="True" />
              <test-case description="has example help" name="help for Split-Thread.has example help" time="0.0087" asserts="0" success="False" result="Failure" executed="True">
                <failure>
                  <message>Expected a value, but got $null or empty.</message>
                  <stack-trace>at ($commandHelp.Examples.Example.Remarks | Select-Object -First 1).Text | Should -Not -BeNullOrEmpty, E:\Owner\Documents\Google Drive\Programs\Scripts\PowerShell\PsRunspace\tests\Help.tests.ps1:85
at &lt;ScriptBlock&gt;, E:\Owner\Documents\Google Drive\Programs\Scripts\PowerShell\PsRunspace\tests\Help.tests.ps1:85</stack-trace>
                </failure>
              </test-case>
            </results>
          </test-suite>
          <test-suite type="TestFixture" name="help for Wait-Thread" executed="True" result="Failure" success="False" time="0.8817" asserts="0" description="help for Wait-Thread">
            <results>
              <test-suite type="TestFixture" name="help for Wait-Thread.- Help for parameter 'Dispose'" executed="True" result="Success" success="True" time="0.051" asserts="0" description="help for Wait-Thread.- Help for parameter 'Dispose'">
                <results>
                  <test-case description="has a description" name="help for Wait-Thread.- Help for parameter 'Dispose'.has a description" time="0.0049" asserts="0" success="True" result="Success" executed="True" />
                  <test-case description="has the correct [mandatory] value" name="help for Wait-Thread.- Help for parameter 'Dispose'.has the correct [mandatory] value" time="0.003" asserts="0" success="True" result="Success" executed="True" />
                  <test-case description="has the correct parameter type" name="help for Wait-Thread.- Help for parameter 'Dispose'.has the correct parameter type" time="0.0098" asserts="0" success="True" result="Success" executed="True" />
                </results>
              </test-suite>
              <test-suite type="TestFixture" name="help for Wait-Thread.- Help for parameter 'SleepTimer'" executed="True" result="Success" success="True" time="0.0654" asserts="0" description="help for Wait-Thread.- Help for parameter 'SleepTimer'">
                <results>
                  <test-case description="has a description" name="help for Wait-Thread.- Help for parameter 'SleepTimer'.has a description" time="0.0031" asserts="0" success="True" result="Success" executed="True" />
                  <test-case description="has the correct [mandatory] value" name="help for Wait-Thread.- Help for parameter 'SleepTimer'.has the correct [mandatory] value" time="0.0034" asserts="0" success="True" result="Success" executed="True" />
                  <test-case description="has the correct parameter type" name="help for Wait-Thread.- Help for parameter 'SleepTimer'.has the correct parameter type" time="0.0048" asserts="0" success="True" result="Success" executed="True" />
                </results>
              </test-suite>
              <test-suite type="TestFixture" name="help for Wait-Thread.- Help for parameter 'Thread'" executed="True" result="Success" success="True" time="0.0855" asserts="0" description="help for Wait-Thread.- Help for parameter 'Thread'">
                <results>
                  <test-case description="has a description" name="help for Wait-Thread.- Help for parameter 'Thread'.has a description" time="0.0034" asserts="0" success="True" result="Success" executed="True" />
                  <test-case description="has the correct [mandatory] value" name="help for Wait-Thread.- Help for parameter 'Thread'.has the correct [mandatory] value" time="0.0088" asserts="0" success="True" result="Success" executed="True" />
                  <test-case description="has the correct parameter type" name="help for Wait-Thread.- Help for parameter 'Thread'.has the correct parameter type" time="0.0031" asserts="0" success="True" result="Success" executed="True" />
                </results>
              </test-suite>
              <test-suite type="TestFixture" name="help for Wait-Thread.- Help for parameter 'Threads'" executed="True" result="Success" success="True" time="0.1023" asserts="0" description="help for Wait-Thread.- Help for parameter 'Threads'">
                <results>
                  <test-case description="has a description" name="help for Wait-Thread.- Help for parameter 'Threads'.has a description" time="0.0036" asserts="0" success="True" result="Success" executed="True" />
                  <test-case description="has the correct [mandatory] value" name="help for Wait-Thread.- Help for parameter 'Threads'.has the correct [mandatory] value" time="0.0065" asserts="0" success="True" result="Success" executed="True" />
                  <test-case description="has the correct parameter type" name="help for Wait-Thread.- Help for parameter 'Threads'.has the correct parameter type" time="0.0033" asserts="0" success="True" result="Success" executed="True" />
                </results>
              </test-suite>
              <test-suite type="TestFixture" name="help for Wait-Thread.- Help for parameter 'Timeout'" executed="True" result="Success" success="True" time="0.1214" asserts="0" description="help for Wait-Thread.- Help for parameter 'Timeout'">
                <results>
                  <test-case description="has a description" name="help for Wait-Thread.- Help for parameter 'Timeout'.has a description" time="0.0058" asserts="0" success="True" result="Success" executed="True" />
                  <test-case description="has the correct [mandatory] value" name="help for Wait-Thread.- Help for parameter 'Timeout'.has the correct [mandatory] value" time="0.0031" asserts="0" success="True" result="Success" executed="True" />
                  <test-case description="has the correct parameter type" name="help for Wait-Thread.- Help for parameter 'Timeout'.has the correct parameter type" time="0.003" asserts="0" success="True" result="Success" executed="True" />
                </results>
              </test-suite>
              <test-case description="is not auto-generated" name="help for Wait-Thread.is not auto-generated" time="0.0048" asserts="0" success="True" result="Success" executed="True" />
              <test-case description="has a description" name="help for Wait-Thread.has a description" time="0.0034" asserts="0" success="True" result="Success" executed="True" />
              <test-case description="has example code" name="help for Wait-Thread.has example code" time="0.0108" asserts="0" success="False" result="Failure" executed="True">
                <failure>
                  <message>Expected a value, but got $null or empty.</message>
                  <stack-trace>at ($commandHelp.Examples.Example | Select-Object -First 1).Code | Should -Not -BeNullOrEmpty, E:\Owner\Documents\Google Drive\Programs\Scripts\PowerShell\PsRunspace\tests\Help.tests.ps1:80
at &lt;ScriptBlock&gt;, E:\Owner\Documents\Google Drive\Programs\Scripts\PowerShell\PsRunspace\tests\Help.tests.ps1:80</stack-trace>
                </failure>
              </test-case>
              <test-case description="has example help" name="help for Wait-Thread.has example help" time="0.0076" asserts="0" success="False" result="Failure" executed="True">
                <failure>
                  <message>Expected a value, but got $null or empty.</message>
                  <stack-trace>at ($commandHelp.Examples.Example.Remarks | Select-Object -First 1).Text | Should -Not -BeNullOrEmpty, E:\Owner\Documents\Google Drive\Programs\Scripts\PowerShell\PsRunspace\tests\Help.tests.ps1:85
at &lt;ScriptBlock&gt;, E:\Owner\Documents\Google Drive\Programs\Scripts\PowerShell\PsRunspace\tests\Help.tests.ps1:85</stack-trace>
                </failure>
              </test-case>
            </results>
          </test-suite>
        </results>
      </test-suite>
      <test-suite type="TestFixture" name="E:\Owner\Documents\Google Drive\Programs\Scripts\PowerShell\PsRunspace\tests\Manifest.tests.ps1" executed="True" result="Ignored" success="True" time="0.2162" asserts="0" description="E:\Owner\Documents\Google Drive\Programs\Scripts\PowerShell\PsRunspace\tests\Manifest.tests.ps1">
        <results>
          <test-suite type="TestFixture" name="module manifest 'PsRunspace.psd1'" executed="True" result="Success" success="True" time="0.0445" asserts="0" description="module manifest 'PsRunspace.psd1'">
            <results>
              <test-suite type="TestFixture" name="module manifest 'PsRunspace.psd1'.- Validation" executed="True" result="Success" success="True" time="0.0397" asserts="0" description="module manifest 'PsRunspace.psd1'.- Validation">
                <results>
                  <test-case description="is a valid manifest" name="module manifest 'PsRunspace.psd1'.- Validation.is a valid manifest" time="0.0052" asserts="0" success="True" result="Success" executed="True" />
                  <test-case description="has a valid name in the manifest" name="module manifest 'PsRunspace.psd1'.- Validation.has a valid name in the manifest" time="0.0031" asserts="0" success="True" result="Success" executed="True" />
                  <test-case description="has a valid root module" name="module manifest 'PsRunspace.psd1'.- Validation.has a valid root module" time="0.0047" asserts="0" success="True" result="Success" executed="True" />
                  <test-case description="has a valid version" name="module manifest 'PsRunspace.psd1'.- Validation.has a valid version" time="0.0046" asserts="0" success="True" result="Success" executed="True" />
                  <test-case description="has a valid description" name="module manifest 'PsRunspace.psd1'.- Validation.has a valid description" time="0.0049" asserts="0" success="True" result="Success" executed="True" />
                  <test-case description="has a valid author" name="module manifest 'PsRunspace.psd1'.- Validation.has a valid author" time="0.0032" asserts="0" success="True" result="Success" executed="True" />
                  <test-case description="has a valid guid" name="module manifest 'PsRunspace.psd1'.- Validation.has a valid guid" time="0.0068" asserts="0" success="True" result="Success" executed="True" />
                  <test-case description="has a valid copyright" name="module manifest 'PsRunspace.psd1'.- Validation.has a valid copyright" time="0.0038" asserts="0" success="True" result="Success" executed="True" />
                </results>
              </test-suite>
            </results>
          </test-suite>
          <test-suite type="TestFixture" name="Git tagging" executed="True" result="Ignored" success="True" time="0.0625" asserts="0" description="Git tagging">
            <results>
              <test-suite type="TestFixture" name="Git tagging.- Git tag version ''" executed="True" result="Ignored" success="True" time="0.0142" asserts="0" description="Git tagging.- Git tag version ''">
                <results>
                  <test-case description="is a valid version" name="Git tagging.- Git tag version ''.is a valid version" time="0.0063" asserts="0" success="False" result="Ignored" executed="False" />
                  <test-case description="matches the module manifest version" name="Git tagging.- Git tag version ''.matches the module manifest version" time="0.0043" asserts="0" success="False" result="Ignored" executed="False" />
                </results>
              </test-suite>
            </results>
          </test-suite>
        </results>
      </test-suite>
      <test-suite type="TestFixture" name="E:\Owner\Documents\Google Drive\Programs\Scripts\PowerShell\PsRunspace\tests\Metadata.tests.ps1" executed="True" result="Failure" success="False" time="0.1799" asserts="0" description="E:\Owner\Documents\Google Drive\Programs\Scripts\PowerShell\PsRunspace\tests\Metadata.tests.ps1">
        <results>
          <test-suite type="TestFixture" name="text files" executed="True" result="Failure" success="False" time="0.0331" asserts="0" description="text files">
            <results>
              <test-suite type="TestFixture" name="text files.- File Encoding" executed="True" result="Success" success="True" time="0.0085" asserts="0" description="text files.- File Encoding">
                <results>
                  <test-case description="do not use Unicode/UTF-16 encoding" name="text files.- File Encoding.do not use Unicode/UTF-16 encoding" time="0.0056" asserts="0" success="True" result="Success" executed="True" />
                </results>
              </test-suite>
              <test-suite type="TestFixture" name="text files.- Indentations" executed="True" result="Failure" success="False" time="0.0254" asserts="0" description="text files.- Indentations">
                <results>
                  <test-case description="do not use tabs for indentations" name="text files.- Indentations.do not use tabs for indentations" time="0.0135" asserts="0" success="False" result="Failure" executed="True">
                    <failure>
                      <message>Expected 0, but got 2.</message>
                      <stack-trace>at $totalTabsCount | Should -Be 0, E:\Owner\Documents\Google Drive\Programs\Scripts\PowerShell\PsRunspace\tests\Metadata.tests.ps1:47
at &lt;ScriptBlock&gt;, E:\Owner\Documents\Google Drive\Programs\Scripts\PowerShell\PsRunspace\tests\Metadata.tests.ps1:47</stack-trace>
                    </failure>
                  </test-case>
                </results>
              </test-suite>
            </results>
          </test-suite>
        </results>
      </test-suite>
      <test-suite type="TestFixture" name="E:\Owner\Documents\Google Drive\Programs\Scripts\PowerShell\PsRunspace\tests\Module.tests.ps1" executed="True" result="Success" success="True" time="0.1532" asserts="0" description="E:\Owner\Documents\Google Drive\Programs\Scripts\PowerShell\PsRunspace\tests\Module.tests.ps1">
        <results>
          <test-suite type="TestFixture" name="PowerShell files in module 'PsRunspace'" executed="True" result="Success" success="True" time="0.0598" asserts="0" description="PowerShell files in module 'PsRunspace'">
            <results>
              <test-suite type="ParameterizedTest" name="PowerShell files in module 'PsRunspace'.'&lt;Script&gt;' can be tokenized by the PowerShell parser without any errors" executed="True" result="Success" success="True" time="0.0555" asserts="0" description="'&lt;Script&gt;' can be tokenized by the PowerShell parser without any errors">
                <results>
                  <test-case description="'E:\Owner\Documents\Google Drive\Programs\Scripts\PowerShell\PsRunspace\dist\1.0.15\PsRunspace\bin\TestCode\TestModule\TestModule.psm1' can be tokenized by the PowerShell parser without any errors" name="PowerShell files in module 'PsRunspace'.'E:\Owner\Documents\Google Drive\Programs\Scripts\PowerShell\PsRunspace\dist\1.0.15\PsRunspace\bin\TestCode\TestModule\TestModule.psm1' can be tokenized by the PowerShell parser without any errors" time="0.0144" asserts="0" success="True" result="Success" executed="True" />
                  <test-case description="'E:\Owner\Documents\Google Drive\Programs\Scripts\PowerShell\PsRunspace\dist\1.0.15\PsRunspace\bin\TestCode\Test-Command.ps1' can be tokenized by the PowerShell parser without any errors" name="PowerShell files in module 'PsRunspace'.'E:\Owner\Documents\Google Drive\Programs\Scripts\PowerShell\PsRunspace\dist\1.0.15\PsRunspace\bin\TestCode\Test-Command.ps1' can be tokenized by the PowerShell parser without any errors" time="0.0059" asserts="0" success="True" result="Success" executed="True" />
                  <test-case description="'E:\Owner\Documents\Google Drive\Programs\Scripts\PowerShell\PsRunspace\dist\1.0.15\PsRunspace\bin\TestCode\Test-MultiThreading.ps1' can be tokenized by the PowerShell parser without any errors" name="PowerShell files in module 'PsRunspace'.'E:\Owner\Documents\Google Drive\Programs\Scripts\PowerShell\PsRunspace\dist\1.0.15\PsRunspace\bin\TestCode\Test-MultiThreading.ps1' can be tokenized by the PowerShell parser without any errors" time="0.0076" asserts="0" success="True" result="Success" executed="True" />
                  <test-case description="'E:\Owner\Documents\Google Drive\Programs\Scripts\PowerShell\PsRunspace\dist\1.0.15\PsRunspace\PsRunspace.psd1' can be tokenized by the PowerShell parser without any errors" name="PowerShell files in module 'PsRunspace'.'E:\Owner\Documents\Google Drive\Programs\Scripts\PowerShell\PsRunspace\dist\1.0.15\PsRunspace\PsRunspace.psd1' can be tokenized by the PowerShell parser without any errors" time="0.0135" asserts="0" success="True" result="Success" executed="True" />
                  <test-case description="'E:\Owner\Documents\Google Drive\Programs\Scripts\PowerShell\PsRunspace\dist\1.0.15\PsRunspace\PsRunspace.psm1' can be tokenized by the PowerShell parser without any errors" name="PowerShell files in module 'PsRunspace'.'E:\Owner\Documents\Google Drive\Programs\Scripts\PowerShell\PsRunspace\dist\1.0.15\PsRunspace\PsRunspace.psm1' can be tokenized by the PowerShell parser without any errors" time="0.0142" asserts="0" success="True" result="Success" executed="True" />
                </results>
              </test-suite>
            </results>
          </test-suite>
          <test-suite type="TestFixture" name="module 'PsRunspace'" executed="True" result="Success" success="True" time="0.089" asserts="0" description="module 'PsRunspace'">
            <results>
              <test-suite type="ParameterizedTest" name="module 'PsRunspace'.can be imported without any errors" executed="True" result="Success" success="True" time="0.0167" asserts="0" description="can be imported without any errors">
                <results>
                  <test-case description="can be imported without any errors" name="module 'PsRunspace'.can be imported without any errors(&quot;E:\Owner\Documents\Google Drive\Programs\Scripts\PowerShell\PsRunspace\dist\1.0.15\PsRunspace\bin\TestCode\TestModule\TestModule.psm1&quot;)" time="0.0167" asserts="0" success="True" result="Success" executed="True" />
                </results>
              </test-suite>
            </results>
          </test-suite>
        </results>
      </test-suite>
      <test-suite type="TestFixture" name="E:\Owner\Documents\Google Drive\Programs\Scripts\PowerShell\PsRunspace\tests\Project.tests.ps1" executed="True" result="Success" success="True" time="0.1732" asserts="0" description="E:\Owner\Documents\Google Drive\Programs\Scripts\PowerShell\PsRunspace\tests\Project.tests.ps1">
        <results>
          <test-suite type="TestFixture" name="change log" executed="True" result="Success" success="True" time="0.0204" asserts="0" description="change log">
            <results>
              <test-suite type="TestFixture" name="change log.- Version" executed="True" result="Success" success="True" time="0.0135" asserts="0" description="change log.- Version">
                <results>
                  <test-case description="has a valid version" name="change log.- Version.has a valid version" time="0.0051" asserts="0" success="True" result="Success" executed="True" />
                  <test-case description="has the same version as the manifest" name="change log.- Version.has the same version as the manifest" time="0.0049" asserts="0" success="True" result="Success" executed="True" />
                </results>
              </test-suite>
            </results>
          </test-suite>
        </results>
      </test-suite>
    </results>
  </test-suite>
</test-results>