<?xml version="1.0" encoding="utf-8" standalone="no"?>
<test-results xmlns:xsi="http://www.w3.org/2001/XMLSchema-instance" xsi:noNamespaceSchemaLocation="nunit_schema_2.5.xsd" name="Pester" total="167" errors="0" failures="12" not-run="0" inconclusive="0" ignored="0" skipped="2" invalid="0" date="2022-07-30" time="06:38:07">
  <environment clr-version="Unknown" user-domain="JLA-LoftHTPC" os-version="10.0.19044" machine-name="JLA-LOFTHTPC" nunit-version="2.5.8.0" cwd="E:\Owner\Documents\Google Drive\Programs\Scripts\PowerShell\PsRunspace\tests" user="Owner" platform="Microsoft Windows 10 Pro|C:\WINDOWS|\Device\Harddisk0\Partition2" />
  <culture-info current-culture="en-US" current-uiculture="en-US" />
  <test-suite type="TestFixture" name="Pester" executed="True" result="Failure" success="False" time="4.6129" asserts="0" description="Pester">
    <results>
      <test-suite type="TestFixture" name="E:\Owner\Documents\Google Drive\Programs\Scripts\PowerShell\PsRunspace\tests\Function.tests.ps1" executed="True" result="Success" success="True" time="1.4234" asserts="0" description="E:\Owner\Documents\Google Drive\Programs\Scripts\PowerShell\PsRunspace\tests\Function.tests.ps1">
        <results>
          <test-suite type="TestFixture" name="function 'Add-PsCommand.ps1'" executed="True" result="Success" success="True" time="0.3595" asserts="0" description="function 'Add-PsCommand.ps1'">
            <results>
              <test-suite type="ParameterizedTest" name="function 'Add-PsCommand.ps1'.can be tokenized by the PowerShell parser without any errors" executed="True" result="Success" success="True" time="0.2104" asserts="0" description="can be tokenized by the PowerShell parser without any errors">
                <results>
                  <test-case description="can be tokenized by the PowerShell parser without any errors" name="function 'Add-PsCommand.ps1'.can be tokenized by the PowerShell parser without any errors(&quot;E:\Owner\Documents\Google Drive\Programs\Scripts\PowerShell\PsRunspace\src\functions\public\Add-PsCommand.ps1&quot;)" time="0.2104" asserts="0" success="True" result="Success" executed="True" />
                </results>
              </test-suite>
              <test-suite type="ParameterizedTest" name="function 'Add-PsCommand.ps1'.runs without throwing errors" executed="True" result="Success" success="True" time="0.0513" asserts="0" description="runs without throwing errors">
                <results>
                  <test-case description="runs without throwing errors" name="function 'Add-PsCommand.ps1'.runs without throwing errors(&quot;E:\Owner\Documents\Google Drive\Programs\Scripts\PowerShell\PsRunspace\src\functions\public\Add-PsCommand.ps1&quot;)" time="0.0513" asserts="0" success="True" result="Success" executed="True" />
                </results>
              </test-suite>
            </results>
          </test-suite>
          <test-suite type="TestFixture" name="function 'Add-PsModule.ps1'" executed="True" result="Success" success="True" time="0.3911" asserts="0" description="function 'Add-PsModule.ps1'">
            <results>
              <test-suite type="ParameterizedTest" name="function 'Add-PsModule.ps1'.can be tokenized by the PowerShell parser without any errors" executed="True" result="Success" success="True" time="0.0118" asserts="0" description="can be tokenized by the PowerShell parser without any errors">
                <results>
                  <test-case description="can be tokenized by the PowerShell parser without any errors" name="function 'Add-PsModule.ps1'.can be tokenized by the PowerShell parser without any errors(&quot;E:\Owner\Documents\Google Drive\Programs\Scripts\PowerShell\PsRunspace\src\functions\public\Add-PsModule.ps1&quot;)" time="0.0118" asserts="0" success="True" result="Success" executed="True" />
                </results>
              </test-suite>
              <test-suite type="ParameterizedTest" name="function 'Add-PsModule.ps1'.runs without throwing errors" executed="True" result="Success" success="True" time="0.0145" asserts="0" description="runs without throwing errors">
                <results>
                  <test-case description="runs without throwing errors" name="function 'Add-PsModule.ps1'.runs without throwing errors(&quot;E:\Owner\Documents\Google Drive\Programs\Scripts\PowerShell\PsRunspace\src\functions\public\Add-PsModule.ps1&quot;)" time="0.0145" asserts="0" success="True" result="Success" executed="True" />
                </results>
              </test-suite>
            </results>
          </test-suite>
          <test-suite type="TestFixture" name="function 'Expand-PsCommandInfo.ps1'" executed="True" result="Success" success="True" time="0.4439" asserts="0" description="function 'Expand-PsCommandInfo.ps1'">
            <results>
              <test-suite type="ParameterizedTest" name="function 'Expand-PsCommandInfo.ps1'.can be tokenized by the PowerShell parser without any errors" executed="True" result="Success" success="True" time="0.019" asserts="0" description="can be tokenized by the PowerShell parser without any errors">
                <results>
                  <test-case description="can be tokenized by the PowerShell parser without any errors" name="function 'Expand-PsCommandInfo.ps1'.can be tokenized by the PowerShell parser without any errors(&quot;E:\Owner\Documents\Google Drive\Programs\Scripts\PowerShell\PsRunspace\src\functions\public\Expand-PsCommandInfo.ps1&quot;)" time="0.019" asserts="0" success="True" result="Success" executed="True" />
                </results>
              </test-suite>
              <test-suite type="ParameterizedTest" name="function 'Expand-PsCommandInfo.ps1'.runs without throwing errors" executed="True" result="Success" success="True" time="0.0279" asserts="0" description="runs without throwing errors">
                <results>
                  <test-case description="runs without throwing errors" name="function 'Expand-PsCommandInfo.ps1'.runs without throwing errors(&quot;E:\Owner\Documents\Google Drive\Programs\Scripts\PowerShell\PsRunspace\src\functions\public\Expand-PsCommandInfo.ps1&quot;)" time="0.0279" asserts="0" success="True" result="Success" executed="True" />
                </results>
              </test-suite>
            </results>
          </test-suite>
          <test-suite type="TestFixture" name="function 'Expand-PsToken.ps1'" executed="True" result="Success" success="True" time="0.4719" asserts="0" description="function 'Expand-PsToken.ps1'">
            <results>
              <test-suite type="ParameterizedTest" name="function 'Expand-PsToken.ps1'.can be tokenized by the PowerShell parser without any errors" executed="True" result="Success" success="True" time="0.0107" asserts="0" description="can be tokenized by the PowerShell parser without any errors">
                <results>
                  <test-case description="can be tokenized by the PowerShell parser without any errors" name="function 'Expand-PsToken.ps1'.can be tokenized by the PowerShell parser without any errors(&quot;E:\Owner\Documents\Google Drive\Programs\Scripts\PowerShell\PsRunspace\src\functions\public\Expand-PsToken.ps1&quot;)" time="0.0107" asserts="0" success="True" result="Success" executed="True" />
                </results>
              </test-suite>
              <test-suite type="ParameterizedTest" name="function 'Expand-PsToken.ps1'.runs without throwing errors" executed="True" result="Success" success="True" time="0.0127" asserts="0" description="runs without throwing errors">
                <results>
                  <test-case description="runs without throwing errors" name="function 'Expand-PsToken.ps1'.runs without throwing errors(&quot;E:\Owner\Documents\Google Drive\Programs\Scripts\PowerShell\PsRunspace\src\functions\public\Expand-PsToken.ps1&quot;)" time="0.0127" asserts="0" success="True" result="Success" executed="True" />
                </results>
              </test-suite>
            </results>
          </test-suite>
          <test-suite type="TestFixture" name="function 'Get-PsCommandInfo.ps1'" executed="True" result="Success" success="True" time="0.5622" asserts="0" description="function 'Get-PsCommandInfo.ps1'">
            <results>
              <test-suite type="ParameterizedTest" name="function 'Get-PsCommandInfo.ps1'.can be tokenized by the PowerShell parser without any errors" executed="True" result="Success" success="True" time="0.0369" asserts="0" description="can be tokenized by the PowerShell parser without any errors">
                <results>
                  <test-case description="can be tokenized by the PowerShell parser without any errors" name="function 'Get-PsCommandInfo.ps1'.can be tokenized by the PowerShell parser without any errors(&quot;E:\Owner\Documents\Google Drive\Programs\Scripts\PowerShell\PsRunspace\src\functions\public\Get-PsCommandInfo.ps1&quot;)" time="0.0369" asserts="0" success="True" result="Success" executed="True" />
                </results>
              </test-suite>
              <test-suite type="ParameterizedTest" name="function 'Get-PsCommandInfo.ps1'.runs without throwing errors" executed="True" result="Success" success="True" time="0.0172" asserts="0" description="runs without throwing errors">
                <results>
                  <test-case description="runs without throwing errors" name="function 'Get-PsCommandInfo.ps1'.runs without throwing errors(&quot;E:\Owner\Documents\Google Drive\Programs\Scripts\PowerShell\PsRunspace\src\functions\public\Get-PsCommandInfo.ps1&quot;)" time="0.0172" asserts="0" success="True" result="Success" executed="True" />
                </results>
              </test-suite>
            </results>
          </test-suite>
          <test-suite type="TestFixture" name="function 'Open-Thread.ps1'" executed="True" result="Success" success="True" time="0.6528" asserts="0" description="function 'Open-Thread.ps1'">
            <results>
              <test-suite type="ParameterizedTest" name="function 'Open-Thread.ps1'.can be tokenized by the PowerShell parser without any errors" executed="True" result="Success" success="True" time="0.0299" asserts="0" description="can be tokenized by the PowerShell parser without any errors">
                <results>
                  <test-case description="can be tokenized by the PowerShell parser without any errors" name="function 'Open-Thread.ps1'.can be tokenized by the PowerShell parser without any errors(&quot;E:\Owner\Documents\Google Drive\Programs\Scripts\PowerShell\PsRunspace\src\functions\public\Open-Thread.ps1&quot;)" time="0.0299" asserts="0" success="True" result="Success" executed="True" />
                </results>
              </test-suite>
              <test-suite type="ParameterizedTest" name="function 'Open-Thread.ps1'.runs without throwing errors" executed="True" result="Success" success="True" time="0.052" asserts="0" description="runs without throwing errors">
                <results>
                  <test-case description="runs without throwing errors" name="function 'Open-Thread.ps1'.runs without throwing errors(&quot;E:\Owner\Documents\Google Drive\Programs\Scripts\PowerShell\PsRunspace\src\functions\public\Open-Thread.ps1&quot;)" time="0.052" asserts="0" success="True" result="Success" executed="True" />
                </results>
              </test-suite>
            </results>
          </test-suite>
          <test-suite type="TestFixture" name="function 'Split-Thread.ps1'" executed="True" result="Success" success="True" time="0.7146" asserts="0" description="function 'Split-Thread.ps1'">
            <results>
              <test-suite type="ParameterizedTest" name="function 'Split-Thread.ps1'.can be tokenized by the PowerShell parser without any errors" executed="True" result="Success" success="True" time="0.017" asserts="0" description="can be tokenized by the PowerShell parser without any errors">
                <results>
                  <test-case description="can be tokenized by the PowerShell parser without any errors" name="function 'Split-Thread.ps1'.can be tokenized by the PowerShell parser without any errors(&quot;E:\Owner\Documents\Google Drive\Programs\Scripts\PowerShell\PsRunspace\src\functions\public\Split-Thread.ps1&quot;)" time="0.017" asserts="0" success="True" result="Success" executed="True" />
                </results>
              </test-suite>
              <test-suite type="ParameterizedTest" name="function 'Split-Thread.ps1'.runs without throwing errors" executed="True" result="Success" success="True" time="0.0374" asserts="0" description="runs without throwing errors">
                <results>
                  <test-case description="runs without throwing errors" name="function 'Split-Thread.ps1'.runs without throwing errors(&quot;E:\Owner\Documents\Google Drive\Programs\Scripts\PowerShell\PsRunspace\src\functions\public\Split-Thread.ps1&quot;)" time="0.0374" asserts="0" success="True" result="Success" executed="True" />
                </results>
              </test-suite>
            </results>
          </test-suite>
          <test-suite type="TestFixture" name="function 'Wait-Thread.ps1'" executed="True" result="Success" success="True" time="0.8259" asserts="0" description="function 'Wait-Thread.ps1'">
            <results>
              <test-suite type="ParameterizedTest" name="function 'Wait-Thread.ps1'.can be tokenized by the PowerShell parser without any errors" executed="True" result="Success" success="True" time="0.0258" asserts="0" description="can be tokenized by the PowerShell parser without any errors">
                <results>
                  <test-case description="can be tokenized by the PowerShell parser without any errors" name="function 'Wait-Thread.ps1'.can be tokenized by the PowerShell parser without any errors(&quot;E:\Owner\Documents\Google Drive\Programs\Scripts\PowerShell\PsRunspace\src\functions\public\Wait-Thread.ps1&quot;)" time="0.0258" asserts="0" success="True" result="Success" executed="True" />
                </results>
              </test-suite>
              <test-suite type="ParameterizedTest" name="function 'Wait-Thread.ps1'.runs without throwing errors" executed="True" result="Success" success="True" time="0.073" asserts="0" description="runs without throwing errors">
                <results>
                  <test-case description="runs without throwing errors" name="function 'Wait-Thread.ps1'.runs without throwing errors(&quot;E:\Owner\Documents\Google Drive\Programs\Scripts\PowerShell\PsRunspace\src\functions\public\Wait-Thread.ps1&quot;)" time="0.073" asserts="0" success="True" result="Success" executed="True" />
                </results>
              </test-suite>
            </results>
          </test-suite>
        </results>
      </test-suite>
      <test-suite type="TestFixture" name="E:\Owner\Documents\Google Drive\Programs\Scripts\PowerShell\PsRunspace\tests\Help.tests.ps1" executed="True" result="Failure" success="False" time="2.0173" asserts="0" description="E:\Owner\Documents\Google Drive\Programs\Scripts\PowerShell\PsRunspace\tests\Help.tests.ps1">
        <results>
          <test-suite type="TestFixture" name="help for Add-PsCommand" executed="True" result="Success" success="True" time="0.2811" asserts="0" description="help for Add-PsCommand">
            <results>
              <test-suite type="TestFixture" name="help for Add-PsCommand.- Help for parameter 'Command'" executed="True" result="Success" success="True" time="0.1424" asserts="0" description="help for Add-PsCommand.- Help for parameter 'Command'">
                <results>
                  <test-case description="has a description" name="help for Add-PsCommand.- Help for parameter 'Command'.has a description" time="0.0226" asserts="0" success="True" result="Success" executed="True" />
                  <test-case description="has the correct [mandatory] value" name="help for Add-PsCommand.- Help for parameter 'Command'.has the correct [mandatory] value" time="0.013" asserts="0" success="True" result="Success" executed="True" />
                  <test-case description="has the correct parameter type" name="help for Add-PsCommand.- Help for parameter 'Command'.has the correct parameter type" time="0.0107" asserts="0" success="True" result="Success" executed="True" />
                </results>
              </test-suite>
              <test-suite type="TestFixture" name="help for Add-PsCommand.- Help for parameter 'CommandInfo'" executed="True" result="Success" success="True" time="0.1682" asserts="0" description="help for Add-PsCommand.- Help for parameter 'CommandInfo'">
                <results>
                  <test-case description="has a description" name="help for Add-PsCommand.- Help for parameter 'CommandInfo'.has a description" time="0.0083" asserts="0" success="True" result="Success" executed="True" />
                  <test-case description="has the correct [mandatory] value" name="help for Add-PsCommand.- Help for parameter 'CommandInfo'.has the correct [mandatory] value" time="0.0063" asserts="0" success="True" result="Success" executed="True" />
                  <test-case description="has the correct parameter type" name="help for Add-PsCommand.- Help for parameter 'CommandInfo'.has the correct parameter type" time="0.0039" asserts="0" success="True" result="Success" executed="True" />
                </results>
              </test-suite>
              <test-suite type="TestFixture" name="help for Add-PsCommand.- Help for parameter 'Force'" executed="True" result="Success" success="True" time="0.194" asserts="0" description="help for Add-PsCommand.- Help for parameter 'Force'">
                <results>
                  <test-case description="has a description" name="help for Add-PsCommand.- Help for parameter 'Force'.has a description" time="0.0056" asserts="0" success="True" result="Success" executed="True" />
                  <test-case description="has the correct [mandatory] value" name="help for Add-PsCommand.- Help for parameter 'Force'.has the correct [mandatory] value" time="0.0107" asserts="0" success="True" result="Success" executed="True" />
                  <test-case description="has the correct parameter type" name="help for Add-PsCommand.- Help for parameter 'Force'.has the correct parameter type" time="0.0037" asserts="0" success="True" result="Success" executed="True" />
                </results>
              </test-suite>
              <test-suite type="TestFixture" name="help for Add-PsCommand.- Help for parameter 'PowershellInterface'" executed="True" result="Success" success="True" time="0.2278" asserts="0" description="help for Add-PsCommand.- Help for parameter 'PowershellInterface'">
                <results>
                  <test-case description="has a description" name="help for Add-PsCommand.- Help for parameter 'PowershellInterface'.has a description" time="0.0057" asserts="0" success="True" result="Success" executed="True" />
                  <test-case description="has the correct [mandatory] value" name="help for Add-PsCommand.- Help for parameter 'PowershellInterface'.has the correct [mandatory] value" time="0.0052" asserts="0" success="True" result="Success" executed="True" />
                  <test-case description="has the correct parameter type" name="help for Add-PsCommand.- Help for parameter 'PowershellInterface'.has the correct parameter type" time="0.0042" asserts="0" success="True" result="Success" executed="True" />
                </results>
              </test-suite>
              <test-case description="is not auto-generated" name="help for Add-PsCommand.is not auto-generated" time="0.0133" asserts="0" success="True" result="Success" executed="True" />
              <test-case description="has a description" name="help for Add-PsCommand.has a description" time="0.0282" asserts="0" success="True" result="Success" executed="True" />
              <test-case description="has example code" name="help for Add-PsCommand.has example code" time="0.0133" asserts="0" success="True" result="Success" executed="True" />
              <test-case description="has example help" name="help for Add-PsCommand.has example help" time="0.008" asserts="0" success="True" result="Success" executed="True" />
            </results>
          </test-suite>
          <test-suite type="TestFixture" name="help for Add-PsModule" executed="True" result="Failure" success="False" time="0.542" asserts="0" description="help for Add-PsModule">
            <results>
              <test-suite type="TestFixture" name="help for Add-PsModule.- Help for parameter 'InitialSessionState'" executed="True" result="Success" success="True" time="0.2135" asserts="0" description="help for Add-PsModule.- Help for parameter 'InitialSessionState'">
                <results>
                  <test-case description="has a description" name="help for Add-PsModule.- Help for parameter 'InitialSessionState'.has a description" time="0.0043" asserts="0" success="True" result="Success" executed="True" />
                  <test-case description="has the correct [mandatory] value" name="help for Add-PsModule.- Help for parameter 'InitialSessionState'.has the correct [mandatory] value" time="0.0068" asserts="0" success="True" result="Success" executed="True" />
                  <test-case description="has the correct parameter type" name="help for Add-PsModule.- Help for parameter 'InitialSessionState'.has the correct parameter type" time="0.0049" asserts="0" success="True" result="Success" executed="True" />
                </results>
              </test-suite>
              <test-suite type="TestFixture" name="help for Add-PsModule.- Help for parameter 'ModuleInfo'" executed="True" result="Success" success="True" time="0.2438" asserts="0" description="help for Add-PsModule.- Help for parameter 'ModuleInfo'">
                <results>
                  <test-case description="has a description" name="help for Add-PsModule.- Help for parameter 'ModuleInfo'.has a description" time="0.0041" asserts="0" success="True" result="Success" executed="True" />
                  <test-case description="has the correct [mandatory] value" name="help for Add-PsModule.- Help for parameter 'ModuleInfo'.has the correct [mandatory] value" time="0.0081" asserts="0" success="True" result="Success" executed="True" />
                  <test-case description="has the correct parameter type" name="help for Add-PsModule.- Help for parameter 'ModuleInfo'.has the correct parameter type" time="0.0093" asserts="0" success="True" result="Success" executed="True" />
                </results>
              </test-suite>
              <test-case description="is not auto-generated" name="help for Add-PsModule.is not auto-generated" time="0.0526" asserts="0" success="True" result="Success" executed="True" />
              <test-case description="has a description" name="help for Add-PsModule.has a description" time="0.0144" asserts="0" success="True" result="Success" executed="True" />
              <test-case description="has example code" name="help for Add-PsModule.has example code" time="0.0053" asserts="0" success="True" result="Success" executed="True" />
              <test-case description="has example help" name="help for Add-PsModule.has example help" time="0.117" asserts="0" success="False" result="Failure" executed="True">
                <failure>
                  <message>Expected a value, but got $null or empty.</message>
                  <stack-trace>at ($commandHelp.Examples.Example.Remarks | Select-Object -First 1).Text | Should -Not -BeNullOrEmpty, E:\Owner\Documents\Google Drive\Programs\Scripts\PowerShell\PsRunspace\tests\Help.tests.ps1:85
at &lt;ScriptBlock&gt;, E:\Owner\Documents\Google Drive\Programs\Scripts\PowerShell\PsRunspace\tests\Help.tests.ps1:85</stack-trace>
                </failure>
              </test-case>
            </results>
          </test-suite>
          <test-suite type="TestFixture" name="help for Expand-PsCommandInfo" executed="True" result="Failure" success="False" time="0.6684" asserts="0" description="help for Expand-PsCommandInfo">
            <results>
              <test-suite type="TestFixture" name="help for Expand-PsCommandInfo.- Help for parameter 'Cache'" executed="True" result="Success" success="True" time="0.0738" asserts="0" description="help for Expand-PsCommandInfo.- Help for parameter 'Cache'">
                <results>
                  <test-case description="has a description" name="help for Expand-PsCommandInfo.- Help for parameter 'Cache'.has a description" time="0.0047" asserts="0" success="True" result="Success" executed="True" />
                  <test-case description="has the correct [mandatory] value" name="help for Expand-PsCommandInfo.- Help for parameter 'Cache'.has the correct [mandatory] value" time="0.0038" asserts="0" success="True" result="Success" executed="True" />
                  <test-case description="has the correct parameter type" name="help for Expand-PsCommandInfo.- Help for parameter 'Cache'.has the correct parameter type" time="0.0093" asserts="0" success="True" result="Success" executed="True" />
                </results>
              </test-suite>
              <test-suite type="TestFixture" name="help for Expand-PsCommandInfo.- Help for parameter 'PsCommandInfo'" executed="True" result="Success" success="True" time="0.1084" asserts="0" description="help for Expand-PsCommandInfo.- Help for parameter 'PsCommandInfo'">
                <results>
                  <test-case description="has a description" name="help for Expand-PsCommandInfo.- Help for parameter 'PsCommandInfo'.has a description" time="0.0158" asserts="0" success="True" result="Success" executed="True" />
                  <test-case description="has the correct [mandatory] value" name="help for Expand-PsCommandInfo.- Help for parameter 'PsCommandInfo'.has the correct [mandatory] value" time="0.0088" asserts="0" success="True" result="Success" executed="True" />
                  <test-case description="has the correct parameter type" name="help for Expand-PsCommandInfo.- Help for parameter 'PsCommandInfo'.has the correct parameter type" time="0.0054" asserts="0" success="True" result="Success" executed="True" />
                </results>
              </test-suite>
              <test-case description="is not auto-generated" name="help for Expand-PsCommandInfo.is not auto-generated" time="0.0056" asserts="0" success="True" result="Success" executed="True" />
              <test-case description="has a description" name="help for Expand-PsCommandInfo.has a description" time="0.014" asserts="0" success="False" result="Failure" executed="True">
                <failure>
                  <message>Expected a value, but got $null or empty.</message>
                  <stack-trace>at $commandHelp.Description | Should -Not -BeNullOrEmpty, E:\Owner\Documents\Google Drive\Programs\Scripts\PowerShell\PsRunspace\tests\Help.tests.ps1:75
at &lt;ScriptBlock&gt;, E:\Owner\Documents\Google Drive\Programs\Scripts\PowerShell\PsRunspace\tests\Help.tests.ps1:75</stack-trace>
                </failure>
              </test-case>
              <test-case description="has example code" name="help for Expand-PsCommandInfo.has example code" time="0.0123" asserts="0" success="False" result="Failure" executed="True">
                <failure>
                  <message>Expected a value, but got $null or empty.</message>
                  <stack-trace>at ($commandHelp.Examples.Example | Select-Object -First 1).Code | Should -Not -BeNullOrEmpty, E:\Owner\Documents\Google Drive\Programs\Scripts\PowerShell\PsRunspace\tests\Help.tests.ps1:80
at &lt;ScriptBlock&gt;, E:\Owner\Documents\Google Drive\Programs\Scripts\PowerShell\PsRunspace\tests\Help.tests.ps1:80</stack-trace>
                </failure>
              </test-case>
              <test-case description="has example help" name="help for Expand-PsCommandInfo.has example help" time="0.018" asserts="0" success="False" result="Failure" executed="True">
                <failure>
                  <message>Expected a value, but got $null or empty.</message>
                  <stack-trace>at ($commandHelp.Examples.Example.Remarks | Select-Object -First 1).Text | Should -Not -BeNullOrEmpty, E:\Owner\Documents\Google Drive\Programs\Scripts\PowerShell\PsRunspace\tests\Help.tests.ps1:85
at &lt;ScriptBlock&gt;, E:\Owner\Documents\Google Drive\Programs\Scripts\PowerShell\PsRunspace\tests\Help.tests.ps1:85</stack-trace>
                </failure>
              </test-case>
            </results>
          </test-suite>
          <test-suite type="TestFixture" name="help for Expand-PsToken" executed="True" result="Success" success="True" time="0.7601" asserts="0" description="help for Expand-PsToken">
            <results>
              <test-suite type="TestFixture" name="help for Expand-PsToken.- Help for parameter 'InputObject'" executed="True" result="Success" success="True" time="0.0707" asserts="0" description="help for Expand-PsToken.- Help for parameter 'InputObject'">
                <results>
                  <test-case description="has a description" name="help for Expand-PsToken.- Help for parameter 'InputObject'.has a description" time="0.0081" asserts="0" success="True" result="Success" executed="True" />
                  <test-case description="has the correct [mandatory] value" name="help for Expand-PsToken.- Help for parameter 'InputObject'.has the correct [mandatory] value" time="0.0067" asserts="0" success="True" result="Success" executed="True" />
                  <test-case description="has the correct parameter type" name="help for Expand-PsToken.- Help for parameter 'InputObject'.has the correct parameter type" time="0.0123" asserts="0" success="True" result="Success" executed="True" />
                </results>
              </test-suite>
              <test-case description="is not auto-generated" name="help for Expand-PsToken.is not auto-generated" time="0.0161" asserts="0" success="True" result="Success" executed="True" />
              <test-case description="has a description" name="help for Expand-PsToken.has a description" time="0.0106" asserts="0" success="True" result="Success" executed="True" />
              <test-case description="has example code" name="help for Expand-PsToken.has example code" time="0.0043" asserts="0" success="True" result="Success" executed="True" />
              <test-case description="has example help" name="help for Expand-PsToken.has example help" time="0.0048" asserts="0" success="True" result="Success" executed="True" />
            </results>
          </test-suite>
          <test-suite type="TestFixture" name="help for Get-PsCommandInfo" executed="True" result="Failure" success="False" time="0.8644" asserts="0" description="help for Get-PsCommandInfo">
            <results>
              <test-suite type="TestFixture" name="help for Get-PsCommandInfo.- Help for parameter 'Command'" executed="True" result="Success" success="True" time="0.0767" asserts="0" description="help for Get-PsCommandInfo.- Help for parameter 'Command'">
                <results>
                  <test-case description="has a description" name="help for Get-PsCommandInfo.- Help for parameter 'Command'.has a description" time="0.0054" asserts="0" success="True" result="Success" executed="True" />
                  <test-case description="has the correct [mandatory] value" name="help for Get-PsCommandInfo.- Help for parameter 'Command'.has the correct [mandatory] value" time="0.0077" asserts="0" success="True" result="Success" executed="True" />
                  <test-case description="has the correct parameter type" name="help for Get-PsCommandInfo.- Help for parameter 'Command'.has the correct parameter type" time="0.0057" asserts="0" success="True" result="Success" executed="True" />
                </results>
              </test-suite>
              <test-case description="is not auto-generated" name="help for Get-PsCommandInfo.is not auto-generated" time="0.0071" asserts="0" success="True" result="Success" executed="True" />
              <test-case description="has a description" name="help for Get-PsCommandInfo.has a description" time="0.0091" asserts="0" success="True" result="Success" executed="True" />
              <test-case description="has example code" name="help for Get-PsCommandInfo.has example code" time="0.0145" asserts="0" success="True" result="Success" executed="True" />
              <test-case description="has example help" name="help for Get-PsCommandInfo.has example help" time="0.0114" asserts="0" success="False" result="Failure" executed="True">
                <failure>
                  <message>Expected a value, but got $null or empty.</message>
                  <stack-trace>at ($commandHelp.Examples.Example.Remarks | Select-Object -First 1).Text | Should -Not -BeNullOrEmpty, E:\Owner\Documents\Google Drive\Programs\Scripts\PowerShell\PsRunspace\tests\Help.tests.ps1:85
at &lt;ScriptBlock&gt;, E:\Owner\Documents\Google Drive\Programs\Scripts\PowerShell\PsRunspace\tests\Help.tests.ps1:85</stack-trace>
                </failure>
              </test-case>
            </results>
          </test-suite>
          <test-suite type="TestFixture" name="help for Open-Thread" executed="True" result="Failure" success="False" time="1.1436" asserts="0" description="help for Open-Thread">
            <results>
              <test-suite type="TestFixture" name="help for Open-Thread.- Help for parameter 'AddParam'" executed="True" result="Success" success="True" time="0.0561" asserts="0" description="help for Open-Thread.- Help for parameter 'AddParam'">
                <results>
                  <test-case description="has a description" name="help for Open-Thread.- Help for parameter 'AddParam'.has a description" time="0.006" asserts="0" success="True" result="Success" executed="True" />
                  <test-case description="has the correct [mandatory] value" name="help for Open-Thread.- Help for parameter 'AddParam'.has the correct [mandatory] value" time="0.0037" asserts="0" success="True" result="Success" executed="True" />
                  <test-case description="has the correct parameter type" name="help for Open-Thread.- Help for parameter 'AddParam'.has the correct parameter type" time="0.0033" asserts="0" success="True" result="Success" executed="True" />
                </results>
              </test-suite>
              <test-suite type="TestFixture" name="help for Open-Thread.- Help for parameter 'AddSwitch'" executed="True" result="Success" success="True" time="0.0829" asserts="0" description="help for Open-Thread.- Help for parameter 'AddSwitch'">
                <results>
                  <test-case description="has a description" name="help for Open-Thread.- Help for parameter 'AddSwitch'.has a description" time="0.0055" asserts="0" success="True" result="Success" executed="True" />
                  <test-case description="has the correct [mandatory] value" name="help for Open-Thread.- Help for parameter 'AddSwitch'.has the correct [mandatory] value" time="0.0047" asserts="0" success="True" result="Success" executed="True" />
                  <test-case description="has the correct parameter type" name="help for Open-Thread.- Help for parameter 'AddSwitch'.has the correct parameter type" time="0.0056" asserts="0" success="True" result="Success" executed="True" />
                </results>
              </test-suite>
              <test-suite type="TestFixture" name="help for Open-Thread.- Help for parameter 'Command'" executed="True" result="Success" success="True" time="0.1157" asserts="0" description="help for Open-Thread.- Help for parameter 'Command'">
                <results>
                  <test-case description="has a description" name="help for Open-Thread.- Help for parameter 'Command'.has a description" time="0.004" asserts="0" success="True" result="Success" executed="True" />
                  <test-case description="has the correct [mandatory] value" name="help for Open-Thread.- Help for parameter 'Command'.has the correct [mandatory] value" time="0.0091" asserts="0" success="True" result="Success" executed="True" />
                  <test-case description="has the correct parameter type" name="help for Open-Thread.- Help for parameter 'Command'.has the correct parameter type" time="0.0139" asserts="0" success="True" result="Success" executed="True" />
                </results>
              </test-suite>
              <test-suite type="TestFixture" name="help for Open-Thread.- Help for parameter 'CommandInfo'" executed="True" result="Success" success="True" time="0.1446" asserts="0" description="help for Open-Thread.- Help for parameter 'CommandInfo'">
                <results>
                  <test-case description="has a description" name="help for Open-Thread.- Help for parameter 'CommandInfo'.has a description" time="0.0065" asserts="0" success="True" result="Success" executed="True" />
                  <test-case description="has the correct [mandatory] value" name="help for Open-Thread.- Help for parameter 'CommandInfo'.has the correct [mandatory] value" time="0.0043" asserts="0" success="True" result="Success" executed="True" />
                  <test-case description="has the correct parameter type" name="help for Open-Thread.- Help for parameter 'CommandInfo'.has the correct parameter type" time="0.0072" asserts="0" success="True" result="Success" executed="True" />
                </results>
              </test-suite>
              <test-suite type="TestFixture" name="help for Open-Thread.- Help for parameter 'InputObject'" executed="True" result="Success" success="True" time="0.1801" asserts="0" description="help for Open-Thread.- Help for parameter 'InputObject'">
                <results>
                  <test-case description="has a description" name="help for Open-Thread.- Help for parameter 'InputObject'.has a description" time="0.0136" asserts="0" success="True" result="Success" executed="True" />
                  <test-case description="has the correct [mandatory] value" name="help for Open-Thread.- Help for parameter 'InputObject'.has the correct [mandatory] value" time="0.0054" asserts="0" success="True" result="Success" executed="True" />
                  <test-case description="has the correct parameter type" name="help for Open-Thread.- Help for parameter 'InputObject'.has the correct parameter type" time="0.0082" asserts="0" success="True" result="Success" executed="True" />
                </results>
              </test-suite>
              <test-suite type="TestFixture" name="help for Open-Thread.- Help for parameter 'InputParameter'" executed="True" result="Success" success="True" time="0.1999" asserts="0" description="help for Open-Thread.- Help for parameter 'InputParameter'">
                <results>
                  <test-case description="has a description" name="help for Open-Thread.- Help for parameter 'InputParameter'.has a description" time="0.0043" asserts="0" success="True" result="Success" executed="True" />
                  <test-case description="has the correct [mandatory] value" name="help for Open-Thread.- Help for parameter 'InputParameter'.has the correct [mandatory] value" time="0.0055" asserts="0" success="True" result="Success" executed="True" />
                  <test-case description="has the correct parameter type" name="help for Open-Thread.- Help for parameter 'InputParameter'.has the correct parameter type" time="0.0056" asserts="0" success="True" result="Success" executed="True" />
                </results>
              </test-suite>
              <test-suite type="TestFixture" name="help for Open-Thread.- Help for parameter 'ObjectStringProperty'" executed="True" result="Success" success="True" time="0.2323" asserts="0" description="help for Open-Thread.- Help for parameter 'ObjectStringProperty'">
                <results>
                  <test-case description="has a description" name="help for Open-Thread.- Help for parameter 'ObjectStringProperty'.has a description" time="0.015" asserts="0" success="True" result="Success" executed="True" />
                  <test-case description="has the correct [mandatory] value" name="help for Open-Thread.- Help for parameter 'ObjectStringProperty'.has the correct [mandatory] value" time="0.0048" asserts="0" success="True" result="Success" executed="True" />
                  <test-case description="has the correct parameter type" name="help for Open-Thread.- Help for parameter 'ObjectStringProperty'.has the correct parameter type" time="0.0075" asserts="0" success="True" result="Success" executed="True" />
                </results>
              </test-suite>
              <test-suite type="TestFixture" name="help for Open-Thread.- Help for parameter 'RunspacePool'" executed="True" result="Failure" success="False" time="0.2608" asserts="0" description="help for Open-Thread.- Help for parameter 'RunspacePool'">
                <results>
                  <test-case description="has a description" name="help for Open-Thread.- Help for parameter 'RunspacePool'.has a description" time="0.015" asserts="0" success="False" result="Failure" executed="True">
                    <failure>
                      <message>Expected a value, but got $null or empty.</message>
                      <stack-trace>at $parameterHelp.Description.Text | Should -Not -BeNullOrEmpty, E:\Owner\Documents\Google Drive\Programs\Scripts\PowerShell\PsRunspace\tests\Help.tests.ps1:103
at &lt;ScriptBlock&gt;, E:\Owner\Documents\Google Drive\Programs\Scripts\PowerShell\PsRunspace\tests\Help.tests.ps1:103</stack-trace>
                    </failure>
                  </test-case>
                  <test-case description="has the correct [mandatory] value" name="help for Open-Thread.- Help for parameter 'RunspacePool'.has the correct [mandatory] value" time="0.0045" asserts="0" success="True" result="Success" executed="True" />
                  <test-case description="has the correct parameter type" name="help for Open-Thread.- Help for parameter 'RunspacePool'.has the correct parameter type" time="0.0037" asserts="0" success="True" result="Success" executed="True" />
                </results>
              </test-suite>
              <test-case description="is not auto-generated" name="help for Open-Thread.is not auto-generated" time="0.0049" asserts="0" success="True" result="Success" executed="True" />
              <test-case description="has a description" name="help for Open-Thread.has a description" time="0.0061" asserts="0" success="True" result="Success" executed="True" />
              <test-case description="has example code" name="help for Open-Thread.has example code" time="0.0109" asserts="0" success="False" result="Failure" executed="True">
                <failure>
                  <message>Expected a value, but got $null or empty.</message>
                  <stack-trace>at ($commandHelp.Examples.Example | Select-Object -First 1).Code | Should -Not -BeNullOrEmpty, E:\Owner\Documents\Google Drive\Programs\Scripts\PowerShell\PsRunspace\tests\Help.tests.ps1:80
at &lt;ScriptBlock&gt;, E:\Owner\Documents\Google Drive\Programs\Scripts\PowerShell\PsRunspace\tests\Help.tests.ps1:80</stack-trace>
                </failure>
              </test-case>
              <test-case description="has example help" name="help for Open-Thread.has example help" time="0.0153" asserts="0" success="False" result="Failure" executed="True">
                <failure>
                  <message>Expected a value, but got $null or empty.</message>
                  <stack-trace>at ($commandHelp.Examples.Example.Remarks | Select-Object -First 1).Text | Should -Not -BeNullOrEmpty, E:\Owner\Documents\Google Drive\Programs\Scripts\PowerShell\PsRunspace\tests\Help.tests.ps1:85
at &lt;ScriptBlock&gt;, E:\Owner\Documents\Google Drive\Programs\Scripts\PowerShell\PsRunspace\tests\Help.tests.ps1:85</stack-trace>
                </failure>
              </test-case>
            </results>
          </test-suite>
          <test-suite type="TestFixture" name="help for Split-Thread" executed="True" result="Failure" success="False" time="1.503" asserts="0" description="help for Split-Thread">
            <results>
              <test-suite type="TestFixture" name="help for Split-Thread.- Help for parameter 'AddModule'" executed="True" result="Success" success="True" time="0.0672" asserts="0" description="help for Split-Thread.- Help for parameter 'AddModule'">
                <results>
                  <test-case description="has a description" name="help for Split-Thread.- Help for parameter 'AddModule'.has a description" time="0.0042" asserts="0" success="True" result="Success" executed="True" />
                  <test-case description="has the correct [mandatory] value" name="help for Split-Thread.- Help for parameter 'AddModule'.has the correct [mandatory] value" time="0.0033" asserts="0" success="True" result="Success" executed="True" />
                  <test-case description="has the correct parameter type" name="help for Split-Thread.- Help for parameter 'AddModule'.has the correct parameter type" time="0.0073" asserts="0" success="True" result="Success" executed="True" />
                </results>
              </test-suite>
              <test-suite type="TestFixture" name="help for Split-Thread.- Help for parameter 'AddParam'" executed="True" result="Success" success="True" time="0.0921" asserts="0" description="help for Split-Thread.- Help for parameter 'AddParam'">
                <results>
                  <test-case description="has a description" name="help for Split-Thread.- Help for parameter 'AddParam'.has a description" time="0.0043" asserts="0" success="True" result="Success" executed="True" />
                  <test-case description="has the correct [mandatory] value" name="help for Split-Thread.- Help for parameter 'AddParam'.has the correct [mandatory] value" time="0.0114" asserts="0" success="True" result="Success" executed="True" />
                  <test-case description="has the correct parameter type" name="help for Split-Thread.- Help for parameter 'AddParam'.has the correct parameter type" time="0.0034" asserts="0" success="True" result="Success" executed="True" />
                </results>
              </test-suite>
              <test-suite type="TestFixture" name="help for Split-Thread.- Help for parameter 'AddSwitch'" executed="True" result="Success" success="True" time="0.1154" asserts="0" description="help for Split-Thread.- Help for parameter 'AddSwitch'">
                <results>
                  <test-case description="has a description" name="help for Split-Thread.- Help for parameter 'AddSwitch'.has a description" time="0.0047" asserts="0" success="True" result="Success" executed="True" />
                  <test-case description="has the correct [mandatory] value" name="help for Split-Thread.- Help for parameter 'AddSwitch'.has the correct [mandatory] value" time="0.0033" asserts="0" success="True" result="Success" executed="True" />
                  <test-case description="has the correct parameter type" name="help for Split-Thread.- Help for parameter 'AddSwitch'.has the correct parameter type" time="0.0034" asserts="0" success="True" result="Success" executed="True" />
                </results>
              </test-suite>
              <test-suite type="TestFixture" name="help for Split-Thread.- Help for parameter 'Command'" executed="True" result="Success" success="True" time="0.1401" asserts="0" description="help for Split-Thread.- Help for parameter 'Command'">
                <results>
                  <test-case description="has a description" name="help for Split-Thread.- Help for parameter 'Command'.has a description" time="0.0118" asserts="0" success="True" result="Success" executed="True" />
                  <test-case description="has the correct [mandatory] value" name="help for Split-Thread.- Help for parameter 'Command'.has the correct [mandatory] value" time="0.004" asserts="0" success="True" result="Success" executed="True" />
                  <test-case description="has the correct parameter type" name="help for Split-Thread.- Help for parameter 'Command'.has the correct parameter type" time="0.0039" asserts="0" success="True" result="Success" executed="True" />
                </results>
              </test-suite>
              <test-suite type="TestFixture" name="help for Split-Thread.- Help for parameter 'InputObject'" executed="True" result="Success" success="True" time="0.1671" asserts="0" description="help for Split-Thread.- Help for parameter 'InputObject'">
                <results>
                  <test-case description="has a description" name="help for Split-Thread.- Help for parameter 'InputObject'.has a description" time="0.0044" asserts="0" success="True" result="Success" executed="True" />
                  <test-case description="has the correct [mandatory] value" name="help for Split-Thread.- Help for parameter 'InputObject'.has the correct [mandatory] value" time="0.0032" asserts="0" success="True" result="Success" executed="True" />
                  <test-case description="has the correct parameter type" name="help for Split-Thread.- Help for parameter 'InputObject'.has the correct parameter type" time="0.0103" asserts="0" success="True" result="Success" executed="True" />
                </results>
              </test-suite>
              <test-suite type="TestFixture" name="help for Split-Thread.- Help for parameter 'InputParameter'" executed="True" result="Success" success="True" time="0.1863" asserts="0" description="help for Split-Thread.- Help for parameter 'InputParameter'">
                <results>
                  <test-case description="has a description" name="help for Split-Thread.- Help for parameter 'InputParameter'.has a description" time="0.0051" asserts="0" success="True" result="Success" executed="True" />
                  <test-case description="has the correct [mandatory] value" name="help for Split-Thread.- Help for parameter 'InputParameter'.has the correct [mandatory] value" time="0.0053" asserts="0" success="True" result="Success" executed="True" />
                  <test-case description="has the correct parameter type" name="help for Split-Thread.- Help for parameter 'InputParameter'.has the correct parameter type" time="0.0038" asserts="0" success="True" result="Success" executed="True" />
                </results>
              </test-suite>
              <test-suite type="TestFixture" name="help for Split-Thread.- Help for parameter 'ObjectStringProperty'" executed="True" result="Success" success="True" time="0.2051" asserts="0" description="help for Split-Thread.- Help for parameter 'ObjectStringProperty'">
                <results>
                  <test-case description="has a description" name="help for Split-Thread.- Help for parameter 'ObjectStringProperty'.has a description" time="0.0073" asserts="0" success="True" result="Success" executed="True" />
                  <test-case description="has the correct [mandatory] value" name="help for Split-Thread.- Help for parameter 'ObjectStringProperty'.has the correct [mandatory] value" time="0.0035" asserts="0" success="True" result="Success" executed="True" />
                  <test-case description="has the correct parameter type" name="help for Split-Thread.- Help for parameter 'ObjectStringProperty'.has the correct parameter type" time="0.0036" asserts="0" success="True" result="Success" executed="True" />
                </results>
              </test-suite>
              <test-suite type="TestFixture" name="help for Split-Thread.- Help for parameter 'SleepTimer'" executed="True" result="Success" success="True" time="0.2365" asserts="0" description="help for Split-Thread.- Help for parameter 'SleepTimer'">
                <results>
                  <test-case description="has a description" name="help for Split-Thread.- Help for parameter 'SleepTimer'.has a description" time="0.0048" asserts="0" success="True" result="Success" executed="True" />
                  <test-case description="has the correct [mandatory] value" name="help for Split-Thread.- Help for parameter 'SleepTimer'.has the correct [mandatory] value" time="0.004" asserts="0" success="True" result="Success" executed="True" />
                  <test-case description="has the correct parameter type" name="help for Split-Thread.- Help for parameter 'SleepTimer'.has the correct parameter type" time="0.005" asserts="0" success="True" result="Success" executed="True" />
                </results>
              </test-suite>
              <test-suite type="TestFixture" name="help for Split-Thread.- Help for parameter 'Threads'" executed="True" result="Success" success="True" time="0.3023" asserts="0" description="help for Split-Thread.- Help for parameter 'Threads'">
                <results>
                  <test-case description="has a description" name="help for Split-Thread.- Help for parameter 'Threads'.has a description" time="0.0315" asserts="0" success="True" result="Success" executed="True" />
                  <test-case description="has the correct [mandatory] value" name="help for Split-Thread.- Help for parameter 'Threads'.has the correct [mandatory] value" time="0.0047" asserts="0" success="True" result="Success" executed="True" />
                  <test-case description="has the correct parameter type" name="help for Split-Thread.- Help for parameter 'Threads'.has the correct parameter type" time="0.0242" asserts="0" success="True" result="Success" executed="True" />
                </results>
              </test-suite>
              <test-suite type="TestFixture" name="help for Split-Thread.- Help for parameter 'Timeout'" executed="True" result="Success" success="True" time="0.324" asserts="0" description="help for Split-Thread.- Help for parameter 'Timeout'">
                <results>
                  <test-case description="has a description" name="help for Split-Thread.- Help for parameter 'Timeout'.has a description" time="0.0053" asserts="0" success="True" result="Success" executed="True" />
                  <test-case description="has the correct [mandatory] value" name="help for Split-Thread.- Help for parameter 'Timeout'.has the correct [mandatory] value" time="0.0068" asserts="0" success="True" result="Success" executed="True" />
                  <test-case description="has the correct parameter type" name="help for Split-Thread.- Help for parameter 'Timeout'.has the correct parameter type" time="0.0048" asserts="0" success="True" result="Success" executed="True" />
                </results>
              </test-suite>
              <test-case description="is not auto-generated" name="help for Split-Thread.is not auto-generated" time="0.009" asserts="0" success="True" result="Success" executed="True" />
              <test-case description="has a description" name="help for Split-Thread.has a description" time="0.0061" asserts="0" success="True" result="Success" executed="True" />
              <test-case description="has example code" name="help for Split-Thread.has example code" time="0.0179" asserts="0" success="True" result="Success" executed="True" />
              <test-case description="has example help" name="help for Split-Thread.has example help" time="0.013" asserts="0" success="False" result="Failure" executed="True">
                <failure>
                  <message>Expected a value, but got $null or empty.</message>
                  <stack-trace>at ($commandHelp.Examples.Example.Remarks | Select-Object -First 1).Text | Should -Not -BeNullOrEmpty, E:\Owner\Documents\Google Drive\Programs\Scripts\PowerShell\PsRunspace\tests\Help.tests.ps1:85
at &lt;ScriptBlock&gt;, E:\Owner\Documents\Google Drive\Programs\Scripts\PowerShell\PsRunspace\tests\Help.tests.ps1:85</stack-trace>
                </failure>
              </test-case>
            </results>
          </test-suite>
          <test-suite type="TestFixture" name="help for Wait-Thread" executed="True" result="Failure" success="False" time="1.6853" asserts="0" description="help for Wait-Thread">
            <results>
              <test-suite type="TestFixture" name="help for Wait-Thread.- Help for parameter 'Dispose'" executed="True" result="Success" success="True" time="0.0688" asserts="0" description="help for Wait-Thread.- Help for parameter 'Dispose'">
                <results>
                  <test-case description="has a description" name="help for Wait-Thread.- Help for parameter 'Dispose'.has a description" time="0.0034" asserts="0" success="True" result="Success" executed="True" />
                  <test-case description="has the correct [mandatory] value" name="help for Wait-Thread.- Help for parameter 'Dispose'.has the correct [mandatory] value" time="0.0076" asserts="0" success="True" result="Success" executed="True" />
                  <test-case description="has the correct parameter type" name="help for Wait-Thread.- Help for parameter 'Dispose'.has the correct parameter type" time="0.0034" asserts="0" success="True" result="Success" executed="True" />
                </results>
              </test-suite>
              <test-suite type="TestFixture" name="help for Wait-Thread.- Help for parameter 'SleepTimer'" executed="True" result="Success" success="True" time="0.0882" asserts="0" description="help for Wait-Thread.- Help for parameter 'SleepTimer'">
                <results>
                  <test-case description="has a description" name="help for Wait-Thread.- Help for parameter 'SleepTimer'.has a description" time="0.0055" asserts="0" success="True" result="Success" executed="True" />
                  <test-case description="has the correct [mandatory] value" name="help for Wait-Thread.- Help for parameter 'SleepTimer'.has the correct [mandatory] value" time="0.0038" asserts="0" success="True" result="Success" executed="True" />
                  <test-case description="has the correct parameter type" name="help for Wait-Thread.- Help for parameter 'SleepTimer'.has the correct parameter type" time="0.0032" asserts="0" success="True" result="Success" executed="True" />
                </results>
              </test-suite>
              <test-suite type="TestFixture" name="help for Wait-Thread.- Help for parameter 'Thread'" executed="True" result="Success" success="True" time="0.1053" asserts="0" description="help for Wait-Thread.- Help for parameter 'Thread'">
                <results>
                  <test-case description="has a description" name="help for Wait-Thread.- Help for parameter 'Thread'.has a description" time="0.0044" asserts="0" success="True" result="Success" executed="True" />
                  <test-case description="has the correct [mandatory] value" name="help for Wait-Thread.- Help for parameter 'Thread'.has the correct [mandatory] value" time="0.0036" asserts="0" success="True" result="Success" executed="True" />
                  <test-case description="has the correct parameter type" name="help for Wait-Thread.- Help for parameter 'Thread'.has the correct parameter type" time="0.0031" asserts="0" success="True" result="Success" executed="True" />
                </results>
              </test-suite>
              <test-suite type="TestFixture" name="help for Wait-Thread.- Help for parameter 'Threads'" executed="True" result="Success" success="True" time="0.1294" asserts="0" description="help for Wait-Thread.- Help for parameter 'Threads'">
                <results>
                  <test-case description="has a description" name="help for Wait-Thread.- Help for parameter 'Threads'.has a description" time="0.004" asserts="0" success="True" result="Success" executed="True" />
                  <test-case description="has the correct [mandatory] value" name="help for Wait-Thread.- Help for parameter 'Threads'.has the correct [mandatory] value" time="0.006" asserts="0" success="True" result="Success" executed="True" />
                  <test-case description="has the correct parameter type" name="help for Wait-Thread.- Help for parameter 'Threads'.has the correct parameter type" time="0.0079" asserts="0" success="True" result="Success" executed="True" />
                </results>
              </test-suite>
              <test-suite type="TestFixture" name="help for Wait-Thread.- Help for parameter 'Timeout'" executed="True" result="Success" success="True" time="0.1488" asserts="0" description="help for Wait-Thread.- Help for parameter 'Timeout'">
                <results>
                  <test-case description="has a description" name="help for Wait-Thread.- Help for parameter 'Timeout'.has a description" time="0.0048" asserts="0" success="True" result="Success" executed="True" />
                  <test-case description="has the correct [mandatory] value" name="help for Wait-Thread.- Help for parameter 'Timeout'.has the correct [mandatory] value" time="0.0068" asserts="0" success="True" result="Success" executed="True" />
                  <test-case description="has the correct parameter type" name="help for Wait-Thread.- Help for parameter 'Timeout'.has the correct parameter type" time="0.0034" asserts="0" success="True" result="Success" executed="True" />
                </results>
              </test-suite>
              <test-case description="is not auto-generated" name="help for Wait-Thread.is not auto-generated" time="0.0061" asserts="0" success="True" result="Success" executed="True" />
              <test-case description="has a description" name="help for Wait-Thread.has a description" time="0.0138" asserts="0" success="True" result="Success" executed="True" />
              <test-case description="has example code" name="help for Wait-Thread.has example code" time="0.011" asserts="0" success="False" result="Failure" executed="True">
                <failure>
                  <message>Expected a value, but got $null or empty.</message>
                  <stack-trace>at ($commandHelp.Examples.Example | Select-Object -First 1).Code | Should -Not -BeNullOrEmpty, E:\Owner\Documents\Google Drive\Programs\Scripts\PowerShell\PsRunspace\tests\Help.tests.ps1:80
at &lt;ScriptBlock&gt;, E:\Owner\Documents\Google Drive\Programs\Scripts\PowerShell\PsRunspace\tests\Help.tests.ps1:80</stack-trace>
                </failure>
              </test-case>
              <test-case description="has example help" name="help for Wait-Thread.has example help" time="0.0171" asserts="0" success="False" result="Failure" executed="True">
                <failure>
                  <message>Expected a value, but got $null or empty.</message>
                  <stack-trace>at ($commandHelp.Examples.Example.Remarks | Select-Object -First 1).Text | Should -Not -BeNullOrEmpty, E:\Owner\Documents\Google Drive\Programs\Scripts\PowerShell\PsRunspace\tests\Help.tests.ps1:85
at &lt;ScriptBlock&gt;, E:\Owner\Documents\Google Drive\Programs\Scripts\PowerShell\PsRunspace\tests\Help.tests.ps1:85</stack-trace>
                </failure>
              </test-case>
            </results>
          </test-suite>
        </results>
      </test-suite>
      <test-suite type="TestFixture" name="E:\Owner\Documents\Google Drive\Programs\Scripts\PowerShell\PsRunspace\tests\Manifest.tests.ps1" executed="True" result="Ignored" success="True" time="0.4289" asserts="0" description="E:\Owner\Documents\Google Drive\Programs\Scripts\PowerShell\PsRunspace\tests\Manifest.tests.ps1">
        <results>
          <test-suite type="TestFixture" name="module manifest 'PsRunspace.psd1'" executed="True" result="Success" success="True" time="0.1771" asserts="0" description="module manifest 'PsRunspace.psd1'">
            <results>
              <test-suite type="TestFixture" name="module manifest 'PsRunspace.psd1'.- Validation" executed="True" result="Success" success="True" time="0.1725" asserts="0" description="module manifest 'PsRunspace.psd1'.- Validation">
                <results>
                  <test-case description="is a valid manifest" name="module manifest 'PsRunspace.psd1'.- Validation.is a valid manifest" time="0.0194" asserts="0" success="True" result="Success" executed="True" />
                  <test-case description="has a valid name in the manifest" name="module manifest 'PsRunspace.psd1'.- Validation.has a valid name in the manifest" time="0.012" asserts="0" success="True" result="Success" executed="True" />
                  <test-case description="has a valid root module" name="module manifest 'PsRunspace.psd1'.- Validation.has a valid root module" time="0.0172" asserts="0" success="True" result="Success" executed="True" />
                  <test-case description="has a valid version" name="module manifest 'PsRunspace.psd1'.- Validation.has a valid version" time="0.0296" asserts="0" success="True" result="Success" executed="True" />
                  <test-case description="has a valid description" name="module manifest 'PsRunspace.psd1'.- Validation.has a valid description" time="0.0279" asserts="0" success="True" result="Success" executed="True" />
                  <test-case description="has a valid author" name="module manifest 'PsRunspace.psd1'.- Validation.has a valid author" time="0.0071" asserts="0" success="True" result="Success" executed="True" />
                  <test-case description="has a valid guid" name="module manifest 'PsRunspace.psd1'.- Validation.has a valid guid" time="0.0306" asserts="0" success="True" result="Success" executed="True" />
                  <test-case description="has a valid copyright" name="module manifest 'PsRunspace.psd1'.- Validation.has a valid copyright" time="0.0241" asserts="0" success="True" result="Success" executed="True" />
                </results>
              </test-suite>
            </results>
          </test-suite>
          <test-suite type="TestFixture" name="Git tagging" executed="True" result="Ignored" success="True" time="0.1996" asserts="0" description="Git tagging">
            <results>
              <test-suite type="TestFixture" name="Git tagging.- Git tag version ''" executed="True" result="Ignored" success="True" time="0.0178" asserts="0" description="Git tagging.- Git tag version ''">
                <results>
                  <test-case description="is a valid version" name="Git tagging.- Git tag version ''.is a valid version" time="0.0087" asserts="0" success="False" result="Ignored" executed="False" />
                  <test-case description="matches the module manifest version" name="Git tagging.- Git tag version ''.matches the module manifest version" time="0.0035" asserts="0" success="False" result="Ignored" executed="False" />
                </results>
              </test-suite>
            </results>
          </test-suite>
        </results>
      </test-suite>
      <test-suite type="TestFixture" name="E:\Owner\Documents\Google Drive\Programs\Scripts\PowerShell\PsRunspace\tests\Metadata.tests.ps1" executed="True" result="Failure" success="False" time="0.2814" asserts="0" description="E:\Owner\Documents\Google Drive\Programs\Scripts\PowerShell\PsRunspace\tests\Metadata.tests.ps1">
        <results>
          <test-suite type="TestFixture" name="text files" executed="True" result="Failure" success="False" time="0.0617" asserts="0" description="text files">
            <results>
              <test-suite type="TestFixture" name="text files.- File Encoding" executed="True" result="Success" success="True" time="0.0146" asserts="0" description="text files.- File Encoding">
                <results>
                  <test-case description="do not use Unicode/UTF-16 encoding" name="text files.- File Encoding.do not use Unicode/UTF-16 encoding" time="0.0118" asserts="0" success="True" result="Success" executed="True" />
                </results>
              </test-suite>
              <test-suite type="TestFixture" name="text files.- Indentations" executed="True" result="Failure" success="False" time="0.0581" asserts="0" description="text files.- Indentations">
                <results>
                  <test-case description="do not use tabs for indentations" name="text files.- Indentations.do not use tabs for indentations" time="0.0358" asserts="0" success="False" result="Failure" executed="True">
                    <failure>
                      <message>Expected 0, but got 2.</message>
                      <stack-trace>at $totalTabsCount | Should -Be 0, E:\Owner\Documents\Google Drive\Programs\Scripts\PowerShell\PsRunspace\tests\Metadata.tests.ps1:47
at &lt;ScriptBlock&gt;, E:\Owner\Documents\Google Drive\Programs\Scripts\PowerShell\PsRunspace\tests\Metadata.tests.ps1:47</stack-trace>
                    </failure>
                  </test-case>
                </results>
              </test-suite>
            </results>
          </test-suite>
        </results>
      </test-suite>
      <test-suite type="TestFixture" name="E:\Owner\Documents\Google Drive\Programs\Scripts\PowerShell\PsRunspace\tests\Module.tests.ps1" executed="True" result="Success" success="True" time="0.2135" asserts="0" description="E:\Owner\Documents\Google Drive\Programs\Scripts\PowerShell\PsRunspace\tests\Module.tests.ps1">
        <results>
          <test-suite type="TestFixture" name="PowerShell files in module 'PsRunspace'" executed="True" result="Success" success="True" time="0.0867" asserts="0" description="PowerShell files in module 'PsRunspace'">
            <results>
              <test-suite type="ParameterizedTest" name="PowerShell files in module 'PsRunspace'.'&lt;Script&gt;' can be tokenized by the PowerShell parser without any errors" executed="True" result="Success" success="True" time="0.0792" asserts="0" description="'&lt;Script&gt;' can be tokenized by the PowerShell parser without any errors">
                <results>
                  <test-case description="'E:\Owner\Documents\Google Drive\Programs\Scripts\PowerShell\PsRunspace\dist\1.0.44\PsRunspace\bin\TestCode\TestModule\TestModule.psm1' can be tokenized by the PowerShell parser without any errors" name="PowerShell files in module 'PsRunspace'.'E:\Owner\Documents\Google Drive\Programs\Scripts\PowerShell\PsRunspace\dist\1.0.44\PsRunspace\bin\TestCode\TestModule\TestModule.psm1' can be tokenized by the PowerShell parser without any errors" time="0.0347" asserts="0" success="True" result="Success" executed="True" />
                  <test-case description="'E:\Owner\Documents\Google Drive\Programs\Scripts\PowerShell\PsRunspace\dist\1.0.44\PsRunspace\bin\TestCode\Test-Command.ps1' can be tokenized by the PowerShell parser without any errors" name="PowerShell files in module 'PsRunspace'.'E:\Owner\Documents\Google Drive\Programs\Scripts\PowerShell\PsRunspace\dist\1.0.44\PsRunspace\bin\TestCode\Test-Command.ps1' can be tokenized by the PowerShell parser without any errors" time="0.0097" asserts="0" success="True" result="Success" executed="True" />
                  <test-case description="'E:\Owner\Documents\Google Drive\Programs\Scripts\PowerShell\PsRunspace\dist\1.0.44\PsRunspace\bin\TestCode\Test-MultiThreading.ps1' can be tokenized by the PowerShell parser without any errors" name="PowerShell files in module 'PsRunspace'.'E:\Owner\Documents\Google Drive\Programs\Scripts\PowerShell\PsRunspace\dist\1.0.44\PsRunspace\bin\TestCode\Test-MultiThreading.ps1' can be tokenized by the PowerShell parser without any errors" time="0.0071" asserts="0" success="True" result="Success" executed="True" />
                  <test-case description="'E:\Owner\Documents\Google Drive\Programs\Scripts\PowerShell\PsRunspace\dist\1.0.44\PsRunspace\PsRunspace.psd1' can be tokenized by the PowerShell parser without any errors" name="PowerShell files in module 'PsRunspace'.'E:\Owner\Documents\Google Drive\Programs\Scripts\PowerShell\PsRunspace\dist\1.0.44\PsRunspace\PsRunspace.psd1' can be tokenized by the PowerShell parser without any errors" time="0.006" asserts="0" success="True" result="Success" executed="True" />
                  <test-case description="'E:\Owner\Documents\Google Drive\Programs\Scripts\PowerShell\PsRunspace\dist\1.0.44\PsRunspace\PsRunspace.psm1' can be tokenized by the PowerShell parser without any errors" name="PowerShell files in module 'PsRunspace'.'E:\Owner\Documents\Google Drive\Programs\Scripts\PowerShell\PsRunspace\dist\1.0.44\PsRunspace\PsRunspace.psm1' can be tokenized by the PowerShell parser without any errors" time="0.0217" asserts="0" success="True" result="Success" executed="True" />
                </results>
              </test-suite>
            </results>
          </test-suite>
          <test-suite type="TestFixture" name="module 'PsRunspace'" executed="True" result="Success" success="True" time="0.1401" asserts="0" description="module 'PsRunspace'">
            <results>
              <test-suite type="ParameterizedTest" name="module 'PsRunspace'.can be imported without any errors" executed="True" result="Success" success="True" time="0.0487" asserts="0" description="can be imported without any errors">
                <results>
                  <test-case description="can be imported without any errors" name="module 'PsRunspace'.can be imported without any errors(&quot;E:\Owner\Documents\Google Drive\Programs\Scripts\PowerShell\PsRunspace\dist\1.0.44\PsRunspace\bin\TestCode\TestModule\TestModule.psm1&quot;)" time="0.0487" asserts="0" success="True" result="Success" executed="True" />
                </results>
              </test-suite>
            </results>
          </test-suite>
        </results>
      </test-suite>
      <test-suite type="TestFixture" name="E:\Owner\Documents\Google Drive\Programs\Scripts\PowerShell\PsRunspace\tests\Project.tests.ps1" executed="True" result="Success" success="True" time="0.2485" asserts="0" description="E:\Owner\Documents\Google Drive\Programs\Scripts\PowerShell\PsRunspace\tests\Project.tests.ps1">
        <results>
          <test-suite type="TestFixture" name="change log" executed="True" result="Success" success="True" time="0.0221" asserts="0" description="change log">
            <results>
              <test-suite type="TestFixture" name="change log.- Version" executed="True" result="Success" success="True" time="0.019" asserts="0" description="change log.- Version">
                <results>
                  <test-case description="has a valid version" name="change log.- Version.has a valid version" time="0.0072" asserts="0" success="True" result="Success" executed="True" />
                  <test-case description="has the same version as the manifest" name="change log.- Version.has the same version as the manifest" time="0.0083" asserts="0" success="True" result="Success" executed="True" />
                </results>
              </test-suite>
            </results>
          </test-suite>
        </results>
      </test-suite>
    </results>
  </test-suite>
</test-results>