<?xml version="1.0" encoding="utf-8" standalone="no"?>
<test-results xmlns:xsi="http://www.w3.org/2001/XMLSchema-instance" xsi:noNamespaceSchemaLocation="nunit_schema_2.5.xsd" name="Pester" total="39" errors="0" failures="1" not-run="0" inconclusive="0" ignored="0" skipped="2" invalid="0" date="2022-01-22" time="08:51:23">
  <environment machine-name="JLA-LOFTHTPC" cwd="E:\Owner\Documents\Google Drive\Programs\Scripts\PowerShell\PsRunspace\tests" clr-version="Unknown" nunit-version="2.5.8.0" user-domain="JLA-LoftHTPC" platform="Microsoft Windows 10 Pro|C:\WINDOWS|\Device\Harddisk0\Partition2" os-version="10.0.19042" user="Owner" />
  <culture-info current-culture="en-US" current-uiculture="en-US" />
  <test-suite type="TestFixture" name="Pester" executed="True" result="Failure" success="False" time="1.0542" asserts="0" description="Pester">
    <results>
      <test-suite type="TestFixture" name="E:\Owner\Documents\Google Drive\Programs\Scripts\PowerShell\PsRunspace\tests\Manifest.tests.ps1" executed="True" result="Ignored" success="True" time="0.3019" asserts="0" description="E:\Owner\Documents\Google Drive\Programs\Scripts\PowerShell\PsRunspace\tests\Manifest.tests.ps1">
        <results>
          <test-suite type="TestFixture" name="Module manifest" executed="True" result="Success" success="True" time="0.1161" asserts="0" description="Module manifest">
            <results>
              <test-suite type="TestFixture" name="Module manifest.Validation" executed="True" result="Success" success="True" time="0.1123" asserts="0" description="Module manifest.Validation">
                <results>
                  <test-case description="Has a valid manifest" name="Module manifest.Validation.Has a valid manifest" time="0.014" asserts="0" success="True" result="Success" executed="True" />
                  <test-case description="Has a valid name in the manifest" name="Module manifest.Validation.Has a valid name in the manifest" time="0.0072" asserts="0" success="True" result="Success" executed="True" />
                  <test-case description="Has a valid root module" name="Module manifest.Validation.Has a valid root module" time="0.0217" asserts="0" success="True" result="Success" executed="True" />
                  <test-case description="Has a valid version in the manifest" name="Module manifest.Validation.Has a valid version in the manifest" time="0.0059" asserts="0" success="True" result="Success" executed="True" />
                  <test-case description="Has a valid description" name="Module manifest.Validation.Has a valid description" time="0.0105" asserts="0" success="True" result="Success" executed="True" />
                  <test-case description="Has a valid author" name="Module manifest.Validation.Has a valid author" time="0.0116" asserts="0" success="True" result="Success" executed="True" />
                  <test-case description="Has a valid guid" name="Module manifest.Validation.Has a valid guid" time="0.0114" asserts="0" success="True" result="Success" executed="True" />
                  <test-case description="Has a valid copyright" name="Module manifest.Validation.Has a valid copyright" time="0.0076" asserts="0" success="True" result="Success" executed="True" />
                  <test-case description="Has a valid version in the changelog" name="Module manifest.Validation.Has a valid version in the changelog" time="0.0065" asserts="0" success="True" result="Success" executed="True" />
                  <test-case description="Changelog and manifest versions are the same" name="Module manifest.Validation.Changelog and manifest versions are the same" time="0.0113" asserts="0" success="True" result="Success" executed="True" />
                </results>
              </test-suite>
            </results>
          </test-suite>
          <test-suite type="TestFixture" name="Git tagging" executed="True" result="Ignored" success="True" time="0.1348" asserts="0" description="Git tagging">
            <results>
              <test-case description="Is tagged with a valid version" name="Git tagging.Is tagged with a valid version" time="0.0126" asserts="0" success="False" result="Ignored" executed="False" />
              <test-case description="Matches manifest version" name="Git tagging.Matches manifest version" time="0.0026" asserts="0" success="False" result="Ignored" executed="False" />
            </results>
          </test-suite>
        </results>
      </test-suite>
      <test-suite type="TestFixture" name="E:\Owner\Documents\Google Drive\Programs\Scripts\PowerShell\PsRunspace\tests\Meta.tests.ps1" executed="True" result="Failure" success="False" time="0.171" asserts="0" description="E:\Owner\Documents\Google Drive\Programs\Scripts\PowerShell\PsRunspace\tests\Meta.tests.ps1">
        <results>
          <test-suite type="TestFixture" name="Text files formatting" executed="True" result="Failure" success="False" time="0.0394" asserts="0" description="Text files formatting">
            <results>
              <test-suite type="TestFixture" name="Text files formatting.File encoding" executed="True" result="Success" success="True" time="0.0149" asserts="0" description="Text files formatting.File encoding">
                <results>
                  <test-case description="No text file uses Unicode/UTF-16 encoding" name="Text files formatting.File encoding.No text file uses Unicode/UTF-16 encoding" time="0.0106" asserts="0" success="True" result="Success" executed="True" />
                </results>
              </test-suite>
              <test-suite type="TestFixture" name="Text files formatting.Indentations" executed="True" result="Failure" success="False" time="0.0352" asserts="0" description="Text files formatting.Indentations">
                <results>
                  <test-case description="No text file use tabs for indentations" name="Text files formatting.Indentations.No text file use tabs for indentations" time="0.0138" asserts="0" success="False" result="Failure" executed="True">
                    <failure>
                      <message>Expected 0, but got 1.</message>
                      <stack-trace>at $totalTabsCount | Should -Be 0, E:\Owner\Documents\Google Drive\Programs\Scripts\PowerShell\PsRunspace\tests\Meta.tests.ps1:47
at &lt;ScriptBlock&gt;, E:\Owner\Documents\Google Drive\Programs\Scripts\PowerShell\PsRunspace\tests\Meta.tests.ps1:47</stack-trace>
                    </failure>
                  </test-case>
                </results>
              </test-suite>
            </results>
          </test-suite>
        </results>
      </test-suite>
      <test-suite type="TestFixture" name="E:\Owner\Documents\Google Drive\Programs\Scripts\PowerShell\PsRunspace\tests\PsRunspace.tests.ps1" executed="True" result="Success" success="True" time="0.4278" asserts="0" description="E:\Owner\Documents\Google Drive\Programs\Scripts\PowerShell\PsRunspace\tests\PsRunspace.tests.ps1">
        <results>
          <test-suite type="TestFixture" name="'PsRunspace.psd1' Module Manifest Tests" executed="True" result="Success" success="True" time="0.1175" asserts="0" description="'PsRunspace.psd1' Module Manifest Tests">
            <results>
              <test-suite type="ParameterizedTest" name="'PsRunspace.psd1' Module Manifest Tests.Module manifest 'PsRunspace.psd1' passes Test-ModuleManifest" executed="True" result="Success" success="True" time="0.114" asserts="0" description="Module manifest 'PsRunspace.psd1' passes Test-ModuleManifest">
                <results>
                  <test-case description="Module manifest 'PsRunspace.psd1' passes Test-ModuleManifest" name="'PsRunspace.psd1' Module Manifest Tests.Module manifest 'PsRunspace.psd1' passes Test-ModuleManifest(E:\Owner\Documents\Google Drive\Programs\Scripts\PowerShell\PsRunspace\dist\PsRunspace\1.0.0\PsRunspace.psd1)" time="0.114" asserts="0" success="True" result="Success" executed="True" />
                </results>
              </test-suite>
            </results>
          </test-suite>
          <test-suite type="TestFixture" name="'PsRunspace' Function Tests" executed="True" result="Success" success="True" time="0.3089" asserts="0" description="'PsRunspace' Function Tests">
            <results>
              <test-suite type="ParameterizedTest" name="'PsRunspace' Function Tests.Script '&lt;Script&gt;' is valid PowerShell" executed="True" result="Success" success="True" time="0.1861" asserts="0" description="Script '&lt;Script&gt;' is valid PowerShell">
                <results>
                  <test-case description="Script 'E:\Owner\Documents\Google Drive\Programs\Scripts\PowerShell\PsRunspace\dist\PsRunspace\1.0.0\PsRunspace.psd1' is valid PowerShell" name="'PsRunspace' Function Tests.Script 'E:\Owner\Documents\Google Drive\Programs\Scripts\PowerShell\PsRunspace\dist\PsRunspace\1.0.0\PsRunspace.psd1' is valid PowerShell" time="0.0145" asserts="0" success="True" result="Success" executed="True" />
                  <test-case description="Script 'E:\Owner\Documents\Google Drive\Programs\Scripts\PowerShell\PsRunspace\dist\PsRunspace\1.0.0\PsRunspace.psm1' is valid PowerShell" name="'PsRunspace' Function Tests.Script 'E:\Owner\Documents\Google Drive\Programs\Scripts\PowerShell\PsRunspace\dist\PsRunspace\1.0.0\PsRunspace.psm1' is valid PowerShell" time="0.0062" asserts="0" success="True" result="Success" executed="True" />
                  <test-case description="Script 'E:\Owner\Documents\Google Drive\Programs\Scripts\PowerShell\PsRunspace\src\functions\public\Add-PsCommand.ps1' is valid PowerShell" name="'PsRunspace' Function Tests.Script 'E:\Owner\Documents\Google Drive\Programs\Scripts\PowerShell\PsRunspace\src\functions\public\Add-PsCommand.ps1' is valid PowerShell" time="0.0095" asserts="0" success="True" result="Success" executed="True" />
                  <test-case description="Script 'E:\Owner\Documents\Google Drive\Programs\Scripts\PowerShell\PsRunspace\src\functions\public\Get-PsCommandInfo.ps1' is valid PowerShell" name="'PsRunspace' Function Tests.Script 'E:\Owner\Documents\Google Drive\Programs\Scripts\PowerShell\PsRunspace\src\functions\public\Get-PsCommandInfo.ps1' is valid PowerShell" time="0.0074" asserts="0" success="True" result="Success" executed="True" />
                  <test-case description="Script 'E:\Owner\Documents\Google Drive\Programs\Scripts\PowerShell\PsRunspace\src\functions\public\Invoke-Thread.ps1' is valid PowerShell" name="'PsRunspace' Function Tests.Script 'E:\Owner\Documents\Google Drive\Programs\Scripts\PowerShell\PsRunspace\src\functions\public\Invoke-Thread.ps1' is valid PowerShell" time="0.0107" asserts="0" success="True" result="Success" executed="True" />
                  <test-case description="Script 'E:\Owner\Documents\Google Drive\Programs\Scripts\PowerShell\PsRunspace\src\functions\public\Open-Thread.ps1' is valid PowerShell" name="'PsRunspace' Function Tests.Script 'E:\Owner\Documents\Google Drive\Programs\Scripts\PowerShell\PsRunspace\src\functions\public\Open-Thread.ps1' is valid PowerShell" time="0.0063" asserts="0" success="True" result="Success" executed="True" />
                  <test-case description="Script 'E:\Owner\Documents\Google Drive\Programs\Scripts\PowerShell\PsRunspace\src\functions\public\Split-Thread.ps1' is valid PowerShell" name="'PsRunspace' Function Tests.Script 'E:\Owner\Documents\Google Drive\Programs\Scripts\PowerShell\PsRunspace\src\functions\public\Split-Thread.ps1' is valid PowerShell" time="0.0145" asserts="0" success="True" result="Success" executed="True" />
                  <test-case description="Script 'E:\Owner\Documents\Google Drive\Programs\Scripts\PowerShell\PsRunspace\src\functions\public\Test-PublicFunction_53eedb31-384a-49e9-b4a8-a105b0c4ee98.ps1' is valid PowerShell" name="'PsRunspace' Function Tests.Script 'E:\Owner\Documents\Google Drive\Programs\Scripts\PowerShell\PsRunspace\src\functions\public\Test-PublicFunction_53eedb31-384a-49e9-b4a8-a105b0c4ee98.ps1' is valid PowerShell" time="0.0058" asserts="0" success="True" result="Success" executed="True" />
                  <test-case description="Script 'E:\Owner\Documents\Google Drive\Programs\Scripts\PowerShell\PsRunspace\src\functions\public\Wait-Thread.ps1' is valid PowerShell" name="'PsRunspace' Function Tests.Script 'E:\Owner\Documents\Google Drive\Programs\Scripts\PowerShell\PsRunspace\src\functions\public\Wait-Thread.ps1' is valid PowerShell" time="0.0096" asserts="0" success="True" result="Success" executed="True" />
                  <test-case description="Script 'E:\Owner\Documents\Google Drive\Programs\Scripts\PowerShell\PsRunspace\src\PsRunspace.psd1' is valid PowerShell" name="'PsRunspace' Function Tests.Script 'E:\Owner\Documents\Google Drive\Programs\Scripts\PowerShell\PsRunspace\src\PsRunspace.psd1' is valid PowerShell" time="0.0099" asserts="0" success="True" result="Success" executed="True" />
                  <test-case description="Script 'E:\Owner\Documents\Google Drive\Programs\Scripts\PowerShell\PsRunspace\src\PsRunspace.psm1' is valid PowerShell" name="'PsRunspace' Function Tests.Script 'E:\Owner\Documents\Google Drive\Programs\Scripts\PowerShell\PsRunspace\src\PsRunspace.psm1' is valid PowerShell" time="0.008" asserts="0" success="True" result="Success" executed="True" />
                  <test-case description="Script 'E:\Owner\Documents\Google Drive\Programs\Scripts\PowerShell\PsRunspace\tests\functions\public\Test-PublicFunction_53eedb31-384a-49e9-b4a8-a105b0c4ee98.tests.ps1' is valid PowerShell" name="'PsRunspace' Function Tests.Script 'E:\Owner\Documents\Google Drive\Programs\Scripts\PowerShell\PsRunspace\tests\functions\public\Test-PublicFunction_53eedb31-384a-49e9-b4a8-a105b0c4ee98.tests.ps1' is valid PowerShell" time="0.0135" asserts="0" success="True" result="Success" executed="True" />
                  <test-case description="Script 'E:\Owner\Documents\Google Drive\Programs\Scripts\PowerShell\PsRunspace\tests\Help.tests.ps1' is valid PowerShell" name="'PsRunspace' Function Tests.Script 'E:\Owner\Documents\Google Drive\Programs\Scripts\PowerShell\PsRunspace\tests\Help.tests.ps1' is valid PowerShell" time="0.0134" asserts="0" success="True" result="Success" executed="True" />
                  <test-case description="Script 'E:\Owner\Documents\Google Drive\Programs\Scripts\PowerShell\PsRunspace\tests\Manifest.tests.ps1' is valid PowerShell" name="'PsRunspace' Function Tests.Script 'E:\Owner\Documents\Google Drive\Programs\Scripts\PowerShell\PsRunspace\tests\Manifest.tests.ps1' is valid PowerShell" time="0.0067" asserts="0" success="True" result="Success" executed="True" />
                  <test-case description="Script 'E:\Owner\Documents\Google Drive\Programs\Scripts\PowerShell\PsRunspace\tests\Meta.tests.ps1' is valid PowerShell" name="'PsRunspace' Function Tests.Script 'E:\Owner\Documents\Google Drive\Programs\Scripts\PowerShell\PsRunspace\tests\Meta.tests.ps1' is valid PowerShell" time="0.0116" asserts="0" success="True" result="Success" executed="True" />
                  <test-case description="Script 'E:\Owner\Documents\Google Drive\Programs\Scripts\PowerShell\PsRunspace\tests\MetaFixers.psm1' is valid PowerShell" name="'PsRunspace' Function Tests.Script 'E:\Owner\Documents\Google Drive\Programs\Scripts\PowerShell\PsRunspace\tests\MetaFixers.psm1' is valid PowerShell" time="0.0072" asserts="0" success="True" result="Success" executed="True" />
                  <test-case description="Script 'E:\Owner\Documents\Google Drive\Programs\Scripts\PowerShell\PsRunspace\tests\PsRunspace.tests.ps1' is valid PowerShell" name="'PsRunspace' Function Tests.Script 'E:\Owner\Documents\Google Drive\Programs\Scripts\PowerShell\PsRunspace\tests\PsRunspace.tests.ps1' is valid PowerShell" time="0.0071" asserts="0" success="True" result="Success" executed="True" />
                  <test-case description="Script 'E:\Owner\Documents\Google Drive\Programs\Scripts\PowerShell\PsRunspace\tests\ScriptAnalyzerSettings.psd1' is valid PowerShell" name="'PsRunspace' Function Tests.Script 'E:\Owner\Documents\Google Drive\Programs\Scripts\PowerShell\PsRunspace\tests\ScriptAnalyzerSettings.psd1' is valid PowerShell" time="0.0042" asserts="0" success="True" result="Success" executed="True" />
                  <test-case description="Script 'E:\Owner\Documents\Google Drive\Programs\Scripts\PowerShell\PsRunspace\build.ps1' is valid PowerShell" name="'PsRunspace' Function Tests.Script 'E:\Owner\Documents\Google Drive\Programs\Scripts\PowerShell\PsRunspace\build.ps1' is valid PowerShell" time="0.0089" asserts="0" success="True" result="Success" executed="True" />
                  <test-case description="Script 'E:\Owner\Documents\Google Drive\Programs\Scripts\PowerShell\PsRunspace\psakeFile.ps1' is valid PowerShell" name="'PsRunspace' Function Tests.Script 'E:\Owner\Documents\Google Drive\Programs\Scripts\PowerShell\PsRunspace\psakeFile.ps1' is valid PowerShell" time="0.0068" asserts="0" success="True" result="Success" executed="True" />
                  <test-case description="Script 'E:\Owner\Documents\Google Drive\Programs\Scripts\PowerShell\PsRunspace\psdependRequirements.psd1' is valid PowerShell" name="'PsRunspace' Function Tests.Script 'E:\Owner\Documents\Google Drive\Programs\Scripts\PowerShell\PsRunspace\psdependRequirements.psd1' is valid PowerShell" time="0.0044" asserts="0" success="True" result="Success" executed="True" />
                </results>
              </test-suite>
            </results>
          </test-suite>
          <test-suite type="TestFixture" name="'PsRunspace.psm1' Module Tests" executed="True" result="Success" success="True" time="0.3361" asserts="0" description="'PsRunspace.psm1' Module Tests">
            <results>
              <test-suite type="ParameterizedTest" name="'PsRunspace.psm1' Module Tests.Module file '&lt;ThisModule&gt;' can be imported without any errors" executed="True" result="Success" success="True" time="0.0223" asserts="0" description="Module file '&lt;ThisModule&gt;' can be imported without any errors">
                <results>
                  <test-case description="Module file 'E:\Owner\Documents\Google Drive\Programs\Scripts\PowerShell\PsRunspace\dist\PsRunspace\1.0.0\PsRunspace.psm1' can be imported without any errors" name="'PsRunspace.psm1' Module Tests.Module file 'E:\Owner\Documents\Google Drive\Programs\Scripts\PowerShell\PsRunspace\dist\PsRunspace\1.0.0\PsRunspace.psm1' can be imported without any errors" time="0.0223" asserts="0" success="True" result="Success" executed="True" />
                </results>
              </test-suite>
            </results>
          </test-suite>
        </results>
      </test-suite>
      <test-suite type="TestFixture" name="E:\Owner\Documents\Google Drive\Programs\Scripts\PowerShell\PsRunspace\tests\functions\public\Test-PublicFunction_53eedb31-384a-49e9-b4a8-a105b0c4ee98.tests.ps1" executed="True" result="Success" success="True" time="0.1063" asserts="0" description="E:\Owner\Documents\Google Drive\Programs\Scripts\PowerShell\PsRunspace\tests\functions\public\Test-PublicFunction_53eedb31-384a-49e9-b4a8-a105b0c4ee98.tests.ps1">
        <results>
          <test-suite type="TestFixture" name="'Test-PublicFunction_53eedb31-384a-49e9-b4a8-a105b0c4ee98.ps1' Function Tests" executed="True" result="Success" success="True" time="0.0415" asserts="0" description="'Test-PublicFunction_53eedb31-384a-49e9-b4a8-a105b0c4ee98.ps1' Function Tests">
            <results>
              <test-suite type="ParameterizedTest" name="'Test-PublicFunction_53eedb31-384a-49e9-b4a8-a105b0c4ee98.ps1' Function Tests.Script file 'Test-PublicFunction_53eedb31-384a-49e9-b4a8-a105b0c4ee98.ps1' can be run without any errors" executed="True" result="Success" success="True" time="0.0196" asserts="0" description="Script file 'Test-PublicFunction_53eedb31-384a-49e9-b4a8-a105b0c4ee98.ps1' can be run without any errors">
                <results>
                  <test-case description="Script file 'Test-PublicFunction_53eedb31-384a-49e9-b4a8-a105b0c4ee98.ps1' can be run without any errors" name="'Test-PublicFunction_53eedb31-384a-49e9-b4a8-a105b0c4ee98.ps1' Function Tests.Script file 'Test-PublicFunction_53eedb31-384a-49e9-b4a8-a105b0c4ee98.ps1' can be run without any errors(&quot;E:\Owner\Documents\Google Drive\Programs\Scripts\PowerShell\PsRunspace\src\functions\public\Test-PublicFunction_53eedb31-384a-49e9-b4a8-a105b0c4ee98.ps1&quot;)" time="0.0196" asserts="0" success="True" result="Success" executed="True" />
                </results>
              </test-suite>
              <test-suite type="ParameterizedTest" name="'Test-PublicFunction_53eedb31-384a-49e9-b4a8-a105b0c4ee98.ps1' Function Tests.Script '&lt;Script&gt;' is valid PowerShell" executed="True" result="Success" success="True" time="0.0184" asserts="0" description="Script '&lt;Script&gt;' is valid PowerShell">
                <results>
                  <test-case description="Script 'E:\Owner\Documents\Google Drive\Programs\Scripts\PowerShell\PsRunspace\src\functions\public\Test-PublicFunction_53eedb31-384a-49e9-b4a8-a105b0c4ee98.ps1' is valid PowerShell" name="'Test-PublicFunction_53eedb31-384a-49e9-b4a8-a105b0c4ee98.ps1' Function Tests.Script 'E:\Owner\Documents\Google Drive\Programs\Scripts\PowerShell\PsRunspace\src\functions\public\Test-PublicFunction_53eedb31-384a-49e9-b4a8-a105b0c4ee98.ps1' is valid PowerShell" time="0.0184" asserts="0" success="True" result="Success" executed="True" />
                </results>
              </test-suite>
            </results>
          </test-suite>
        </results>
      </test-suite>
    </results>
  </test-suite>
</test-results>